cycle;time;mode;cc/cv;voltage;current;temperature;cumul.Ah;cumul.Wh;DCresistance
0;0;OFF;CV;3.867;0.02;65497.000;0.0000;0.000;0.00
0;2;OFF;CV;3.867;0.02;65497.000;0.0000;0.000;0.00
cycle;time;mode;cc/cv;voltage;current;temperature;cumul.Ah;cumul.Wh;DCresistance
0;0;OFF;CV;3.867;0.02;65496.000;0.0000;0.000;0.00
0;4;CHA;CC;3.883;7.07;65483.000;0.0020;0.008;0.00
0;5;CHA;CC;3.886;7.69;65483.000;0.0041;0.016;0.00
0;6;CHA;CC;3.889;8.25;65483.000;0.0064;0.025;0.00
0;7;CHA;CC;3.891;8.75;65483.000;0.0088;0.034;0.00
0;8;CHA;CC;3.895;9.91;65483.000;0.0116;0.045;0.00
0;9;CHA;CC;3.899;10.96;65482.000;0.0146;0.057;0.00
0;10;CHA;CC;3.902;11.55;65482.000;0.0178;0.069;0.00
0;11;CHA;CC;3.904;11.65;65482.000;0.0211;0.082;0.00
0;12;CHA;CC;3.905;11.52;65482.000;0.0243;0.095;0.00
0;13;CHA;CC;3.906;11.35;65483.000;0.0274;0.107;0.00
0;14;CHA;CC;3.907;11.26;65482.000;0.0305;0.119;0.00
0;15;CHA;CC;3.908;11.21;65483.000;0.0337;0.131;0.00
0;16;CHA;CC;3.909;11.21;65483.000;0.0368;0.143;0.00
0;17;CHA;CC;3.910;11.21;65483.000;0.0399;0.156;0.00
0;18;CHA;CC;3.911;11.25;65483.000;0.0430;0.168;0.00
0;19;CHA;CC;3.912;11.25;65483.000;0.0461;0.180;0.00
0;20;CHA;CC;3.913;11.26;65483.000;0.0493;0.192;0.00
0;21;CHA;CC;3.913;11.26;65483.000;0.0524;0.205;0.00
0;22;CHA;CC;3.914;11.25;65483.000;0.0555;0.217;0.00
0;23;CHA;CC;3.915;11.26;65483.000;0.0586;0.229;0.00
0;24;CHA;CC;3.916;11.25;65483.000;0.0618;0.241;0.00
0;25;CHA;CC;3.917;11.27;65483.000;0.0649;0.254;0.00
0;26;CHA;CC;3.917;11.25;65484.000;0.0680;0.266;0.00
0;27;CHA;CC;3.918;11.24;65483.000;0.0712;0.278;0.00
0;28;CHA;CC;3.918;11.25;65483.000;0.0743;0.290;0.00
0;29;CHA;CC;3.919;11.25;65484.000;0.0774;0.302;0.00
0;30;CHA;CC;3.920;11.25;65483.000;0.0805;0.315;0.00
0;31;CHA;CC;3.921;11.25;65484.000;0.0837;0.327;0.00
0;32;CHA;CC;3.921;11.25;65483.000;0.0868;0.339;0.00
0;33;CHA;CC;3.922;11.26;65484.000;0.0899;0.352;0.00
0;34;CHA;CC;3.923;11.24;65484.000;0.0930;0.364;0.00
0;35;CHA;CC;3.923;11.24;65483.000;0.0962;0.376;0.00
0;36;CHA;CC;3.924;11.26;65483.000;0.0993;0.388;0.00
0;37;CHA;CC;3.924;11.25;65483.000;0.1024;0.401;0.00
0;38;CHA;CC;3.925;11.25;65483.000;0.1055;0.413;0.00
0;39;CHA;CC;3.926;11.26;65483.000;0.1087;0.425;0.00
0;40;CHA;CC;3.926;11.24;65483.000;0.1118;0.437;0.00
0;41;CHA;CC;3.927;11.25;65483.000;0.1149;0.450;0.00
0;42;CHA;CC;3.927;11.23;65483.000;0.1180;0.462;0.00
0;43;CHA;CC;3.928;11.23;65483.000;0.1211;0.474;0.00
0;44;CHA;CC;3.929;11.25;65483.000;0.1243;0.486;0.00
0;45;CHA;CC;3.929;11.26;65483.000;0.1274;0.499;0.00
0;46;CHA;CC;3.930;11.25;65482.000;0.1305;0.511;0.00
0;47;CHA;CC;3.931;11.26;65482.000;0.1337;0.523;0.00
0;48;CHA;CC;3.931;11.25;65483.000;0.1368;0.536;0.00
0;49;CHA;CC;3.932;11.25;65482.000;0.1399;0.548;0.00
0;50;CHA;CC;3.933;11.26;65482.000;0.1430;0.560;0.00
0;51;CHA;CC;3.933;11.25;65481.000;0.1462;0.572;0.00
0;52;CHA;CC;3.934;11.25;65482.000;0.1493;0.585;0.00
0;53;CHA;CC;3.934;11.24;65482.000;0.1524;0.597;0.00
0;54;CHA;CC;3.935;11.24;65482.000;0.1555;0.609;0.00
0;55;CHA;CC;3.935;11.25;65480.000;0.1587;0.622;0.00
0;56;CHA;CC;3.936;11.24;65482.000;0.1618;0.634;0.00
0;57;CHA;CC;3.936;11.24;65481.000;0.1649;0.646;0.00
0;58;CHA;CC;3.937;11.24;65482.000;0.1680;0.658;0.00
0;59;CHA;CC;3.938;11.24;65482.000;0.1711;0.671;0.00
0;60;CHA;CC;3.939;11.25;65480.000;0.1743;0.683;0.00
0;61;CHA;CC;3.939;11.24;65481.000;0.1774;0.695;0.00
0;62;CHA;CC;3.940;11.24;65482.000;0.1805;0.708;0.00
0;63;CHA;CC;3.940;11.24;65482.000;0.1836;0.720;0.00
0;64;CHA;CC;3.941;11.24;65481.000;0.1868;0.732;0.00
0;65;CHA;CC;3.941;11.24;65482.000;0.1899;0.745;0.00
0;66;CHA;CC;3.942;11.24;65482.000;0.1930;0.757;0.00
0;67;CHA;CC;3.943;11.23;65482.000;0.1961;0.769;0.00
0;68;CHA;CC;3.944;11.24;65482.000;0.1992;0.782;0.00
0;69;CHA;CC;3.944;11.24;65482.000;0.2024;0.794;0.00
0;70;CHA;CC;3.945;11.24;65482.000;0.2055;0.806;0.00
0;71;CHA;CC;3.945;11.25;65482.000;0.2086;0.818;0.00
0;72;CHA;CC;3.946;11.24;65482.000;0.2117;0.831;0.00
0;73;CHA;CC;3.946;11.24;65482.000;0.2149;0.843;0.00
0;74;CHA;CC;3.947;11.23;65482.000;0.2180;0.855;0.00
0;75;CHA;CC;3.948;11.24;65481.000;0.2211;0.868;0.00
0;76;CHA;CC;3.948;11.24;65482.000;0.2242;0.880;0.00
0;77;CHA;CC;3.949;11.24;65483.000;0.2273;0.892;0.00
0;78;CHA;CC;3.950;11.24;65482.000;0.2305;0.905;0.00
0;79;CHA;CC;3.950;11.24;65482.000;0.2336;0.917;0.00
0;80;CHA;CC;3.951;11.23;65483.000;0.2367;0.929;0.00
0;81;CHA;CC;3.951;11.23;65482.000;0.2398;0.942;0.00
0;82;CHA;CC;3.952;11.24;65482.000;0.2429;0.954;0.00
0;83;CHA;CC;3.953;11.25;65482.000;0.2461;0.966;0.00
0;84;CHA;CC;3.953;11.24;65482.000;0.2492;0.979;0.00
0;85;CHA;CC;3.954;11.25;65482.000;0.2523;0.991;0.00
0;86;CHA;CC;3.955;11.25;65483.000;0.2554;1.003;0.00
0;87;CHA;CC;3.955;11.25;65483.000;0.2586;1.016;0.00
0;88;CHA;CC;3.956;11.24;65483.000;0.2617;1.028;0.00
0;89;CHA;CC;3.956;11.24;65483.000;0.2648;1.041;0.00
0;90;CHA;CC;3.957;11.25;65483.000;0.2679;1.053;0.00
0;91;CHA;CC;3.957;11.26;65482.000;0.2711;1.065;0.00
0;92;CHA;CC;3.958;11.25;65482.000;0.2742;1.078;0.00
0;93;CHA;CC;3.958;11.24;65483.000;0.2773;1.090;0.00
0;94;CHA;CC;3.959;11.25;65483.000;0.2804;1.102;0.00
0;95;CHA;CC;3.960;11.25;65483.000;0.2836;1.115;0.00
0;96;CHA;CC;3.960;11.23;65482.000;0.2867;1.127;0.00
0;97;CHA;CC;3.961;11.23;65482.000;0.2898;1.139;0.00
0;98;CHA;CC;3.961;11.24;65482.000;0.2929;1.152;0.00
0;99;CHA;CC;3.962;11.24;65482.000;0.2960;1.164;0.00
0;100;CHA;CC;3.962;11.24;65483.000;0.2992;1.177;0.00
0;101;CHA;CC;3.963;11.24;65482.000;0.3023;1.189;0.00
0;102;CHA;CC;3.963;11.24;65483.000;0.3054;1.201;0.00
0;103;CHA;CC;3.964;11.24;65482.000;0.3085;1.214;0.00
0;104;CHA;CC;3.965;11.24;65482.000;0.3117;1.226;0.00
0;105;CHA;CC;3.965;11.24;65482.000;0.3148;1.238;0.00
0;106;CHA;CC;3.966;11.24;65482.000;0.3179;1.251;0.00
0;107;CHA;CC;3.966;11.24;65483.000;0.3210;1.263;0.00
0;108;CHA;CC;3.967;11.24;65482.000;0.3241;1.276;0.00
0;109;CHA;CC;3.967;11.23;65482.000;0.3273;1.288;0.00
0;110;CHA;CC;3.968;11.24;65482.000;0.3304;1.300;0.00
0;111;CHA;CC;3.968;11.24;65483.000;0.3335;1.313;0.00
0;112;CHA;CC;3.969;11.24;65482.000;0.3366;1.325;0.00
0;113;CHA;CC;3.969;11.24;65482.000;0.3398;1.338;0.00
0;114;CHA;CC;3.970;11.24;65483.000;0.3429;1.350;0.00
0;115;CHA;CC;3.970;11.24;65482.000;0.3460;1.362;0.00
0;116;CHA;CC;3.971;11.23;65483.000;0.3491;1.375;0.00
0;117;CHA;CC;3.971;11.23;65482.000;0.3522;1.387;0.00
0;118;CHA;CC;3.972;11.23;65483.000;0.3554;1.400;0.00
0;119;CHA;CC;3.972;11.24;65483.000;0.3585;1.412;0.00
0;120;CHA;CC;3.973;11.25;65481.000;0.3616;1.424;0.00
0;121;CHA;CC;3.973;11.24;65482.000;0.3647;1.437;0.00
0;122;CHA;CC;3.974;11.24;65482.000;0.3679;1.449;0.00
0;123;CHA;CC;3.974;11.24;65481.000;0.3710;1.462;0.00
0;124;CHA;CC;3.975;11.24;65482.000;0.3741;1.474;0.00
0;125;CHA;CC;3.975;11.24;65482.000;0.3772;1.486;0.00
0;126;CHA;CC;3.976;11.23;65482.000;0.3803;1.499;0.00
0;127;CHA;CC;3.976;11.24;65481.000;0.3835;1.511;0.00
0;128;CHA;CC;3.977;11.24;65481.000;0.3866;1.524;0.00
0;129;CHA;CC;3.977;11.24;65482.000;0.3897;1.536;0.00
0;130;CHA;CC;3.977;11.24;65481.000;0.3928;1.548;0.00
0;131;CHA;CC;3.978;11.25;65482.000;0.3960;1.561;0.00
0;132;CHA;CC;3.978;11.25;65482.000;0.3991;1.573;0.00
0;133;CHA;CC;3.979;11.25;65482.000;0.4022;1.586;0.00
0;134;CHA;CC;3.979;11.24;65483.000;0.4053;1.598;0.00
0;135;CHA;CC;3.979;11.23;65482.000;0.4084;1.611;0.00
0;136;CHA;CC;3.980;11.24;65482.000;0.4116;1.623;0.00
0;137;CHA;CC;3.980;11.23;65482.000;0.4147;1.635;0.00
0;138;CHA;CC;3.981;11.24;65482.000;0.4178;1.648;0.00
0;139;CHA;CC;3.981;11.24;65482.000;0.4209;1.660;0.00
0;140;CHA;CC;3.982;11.24;65483.000;0.4241;1.673;0.00
0;141;CHA;CC;3.982;11.24;65483.000;0.4272;1.685;0.00
0;142;CHA;CC;3.983;11.24;65483.000;0.4303;1.698;0.00
0;143;CHA;CC;3.983;11.24;65482.000;0.4334;1.710;0.00
0;144;CHA;CC;3.983;11.24;65482.000;0.4365;1.722;0.00
0;145;CHA;CC;3.984;11.24;65483.000;0.4397;1.735;0.00
0;146;CHA;CC;3.984;11.24;65483.000;0.4428;1.747;0.00
0;147;CHA;CC;3.984;11.23;65482.000;0.4459;1.760;0.00
0;148;CHA;CC;3.985;11.23;65482.000;0.4490;1.772;0.00
0;149;CHA;CC;3.985;11.25;65482.000;0.4521;1.785;0.00
0;150;CHA;CC;3.986;11.24;65482.000;0.4553;1.797;0.00
0;151;CHA;CC;3.986;11.24;65482.000;0.4584;1.810;0.00
0;152;CHA;CC;3.986;11.24;65482.000;0.4615;1.822;0.00
0;153;CHA;CC;3.987;11.24;65482.000;0.4646;1.834;0.00
0;154;CHA;CC;3.987;11.25;65481.000;0.4678;1.847;0.00
0;155;CHA;CC;3.988;11.24;65483.000;0.4709;1.859;0.00
0;156;CHA;CC;3.988;11.24;65482.000;0.4740;1.872;0.00
0;157;CHA;CC;3.989;11.24;65483.000;0.4771;1.884;0.00
0;158;CHA;CC;3.989;11.24;65482.000;0.4803;1.897;0.00
0;159;CHA;CC;3.989;11.25;65483.000;0.4834;1.909;0.00
0;160;CHA;CC;3.990;11.25;65483.000;0.4865;1.922;0.00
0;161;CHA;CC;3.990;11.24;65482.000;0.4896;1.934;0.00
0;162;CHA;CC;3.990;11.24;65482.000;0.4927;1.947;0.00
0;163;CHA;CC;3.991;11.24;65482.000;0.4959;1.959;0.00
0;164;CHA;CC;3.991;11.24;65482.000;0.4990;1.971;0.00
0;165;CHA;CC;3.992;11.24;65482.000;0.5021;1.984;0.00
0;166;CHA;CC;3.992;11.24;65483.000;0.5052;1.996;0.00
0;167;CHA;CC;3.993;11.24;65483.000;0.5084;2.009;0.00
0;168;CHA;CC;3.993;11.24;65483.000;0.5115;2.021;0.00
0;169;CHA;CC;3.993;11.23;65482.000;0.5146;2.034;0.00
0;170;CHA;CC;3.994;11.24;65484.000;0.5177;2.046;0.00
0;171;CHA;CC;3.994;11.24;65483.000;0.5208;2.059;0.00
0;172;CHA;CC;3.995;11.25;65483.000;0.5240;2.071;0.00
0;173;CHA;CC;3.995;11.25;65483.000;0.5271;2.084;0.00
0;174;CHA;CC;3.995;11.24;65483.000;0.5302;2.096;0.00
0;175;CHA;CC;3.996;11.24;65483.000;0.5333;2.109;0.00
0;176;CHA;CC;3.996;11.23;65484.000;0.5365;2.121;0.00
0;177;CHA;CC;3.996;11.23;65484.000;0.5396;2.134;0.00
0;178;CHA;CC;3.997;11.23;65484.000;0.5427;2.146;0.00
0;179;CHA;CC;3.997;11.23;65484.000;0.5458;2.158;0.00
0;180;CHA;CC;3.998;11.24;65484.000;0.5489;2.171;0.00
0;181;CHA;CC;3.998;11.24;65483.000;0.5521;2.183;0.00
0;182;CHA;CC;3.999;11.25;65484.000;0.5552;2.196;0.00
0;183;CHA;CC;3.999;11.25;65483.000;0.5583;2.208;0.00
0;184;CHA;CC;3.999;11.25;65484.000;0.5614;2.221;0.00
0;185;CHA;CC;4.000;11.25;65483.000;0.5646;2.233;0.00
0;186;CHA;CC;4.000;11.24;65481.000;0.5677;2.246;0.00
0;187;CHA;CC;4.001;11.25;65482.000;0.5708;2.258;0.00
0;188;CHA;CC;4.001;11.25;65482.000;0.5739;2.271;0.00
0;189;CHA;CC;4.001;11.24;65482.000;0.5771;2.283;0.00
0;190;CHA;CC;4.002;11.24;65482.000;0.5802;2.296;0.00
0;191;CHA;CC;4.002;11.24;65482.000;0.5833;2.308;0.00
0;192;CHA;CC;4.002;11.23;65482.000;0.5864;2.321;0.00
0;193;CHA;CC;4.003;11.23;65482.000;0.5895;2.333;0.00
0;194;CHA;CC;4.004;11.24;65482.000;0.5927;2.346;0.00
0;195;CHA;CC;4.004;11.24;65482.000;0.5958;2.358;0.00
0;196;CHA;CC;4.005;11.26;65483.000;0.5989;2.371;0.00
0;197;CHA;CC;4.005;11.25;65482.000;0.6020;2.383;0.00
0;198;CHA;CC;4.005;11.25;65482.000;0.6052;2.396;0.00
0;199;CHA;CC;4.006;11.24;65482.000;0.6083;2.408;0.00
0;200;CHA;CC;4.006;11.25;65482.000;0.6114;2.421;0.00
0;201;CHA;CC;4.006;11.24;65482.000;0.6145;2.434;0.00
0;202;CHA;CC;4.007;11.24;65482.000;0.6177;2.446;0.00
0;203;CHA;CC;4.007;11.24;65482.000;0.6208;2.459;0.00
0;204;CHA;CC;4.007;11.24;65482.000;0.6239;2.471;0.00
0;205;CHA;CC;4.008;11.24;65483.000;0.6270;2.484;0.00
0;206;CHA;CC;4.008;11.24;65483.000;0.6301;2.496;0.00
0;207;CHA;CC;4.009;11.24;65483.000;0.6333;2.509;0.00
0;208;CHA;CC;4.009;11.24;65483.000;0.6364;2.521;0.00
0;209;CHA;CC;4.010;11.24;65483.000;0.6395;2.534;0.00
0;210;CHA;CC;4.010;11.24;65483.000;0.6426;2.546;0.00
0;211;CHA;CC;4.011;11.24;65484.000;0.6458;2.559;0.00
0;212;CHA;CC;4.011;11.24;65483.000;0.6489;2.571;0.00
0;213;CHA;CC;4.011;11.24;65483.000;0.6520;2.584;0.00
0;214;CHA;CC;4.012;11.24;65482.000;0.6551;2.596;0.00
0;215;CHA;CC;4.012;11.24;65482.000;0.6582;2.609;0.00
0;216;CHA;CC;4.012;11.24;65483.000;0.6614;2.621;0.00
0;217;CHA;CC;4.013;11.24;65483.000;0.6645;2.634;0.00
0;218;CHA;CC;4.013;11.24;65483.000;0.6676;2.646;0.00
0;219;CHA;CC;4.014;11.23;65482.000;0.6707;2.659;0.00
0;220;CHA;CC;4.014;11.24;65482.000;0.6739;2.671;0.00
0;221;CHA;CC;4.015;11.24;65482.000;0.6770;2.684;0.00
0;222;CHA;CC;4.015;11.24;65482.000;0.6801;2.696;0.00
0;223;CHA;CC;4.015;11.25;65483.000;0.6832;2.709;0.00
0;224;CHA;CC;4.016;11.24;65483.000;0.6863;2.722;0.00
0;225;CHA;CC;4.016;11.25;65482.000;0.6895;2.734;0.00
0;226;CHA;CC;4.017;11.25;65483.000;0.6926;2.747;0.00
0;227;CHA;CC;4.017;11.25;65482.000;0.6957;2.759;0.00
0;228;CHA;CC;4.017;11.25;65483.000;0.6988;2.772;0.00
0;229;CHA;CC;4.018;11.24;65483.000;0.7020;2.784;0.00
0;230;CHA;CC;4.018;11.25;65483.000;0.7051;2.797;0.00
0;231;CHA;CC;4.019;11.24;65482.000;0.7082;2.809;0.00
0;232;CHA;CC;4.019;11.25;65482.000;0.7113;2.822;0.00
0;233;CHA;CC;4.019;11.25;65482.000;0.7145;2.835;0.00
0;234;CHA;CC;4.020;11.25;65483.000;0.7176;2.847;0.00
0;235;CHA;CC;4.021;11.24;65482.000;0.7207;2.860;0.00
0;236;CHA;CC;4.021;11.25;65482.000;0.7238;2.872;0.00
0;237;CHA;CC;4.021;11.24;65481.000;0.7270;2.885;0.00
0;238;CHA;CC;4.022;11.25;65482.000;0.7301;2.897;0.00
0;239;CHA;CC;4.022;11.25;65482.000;0.7332;2.910;0.00
0;240;CHA;CC;4.023;11.26;65482.000;0.7363;2.922;0.00
0;241;CHA;CC;4.023;11.25;65481.000;0.7395;2.935;0.00
0;242;CHA;CC;4.023;11.25;65482.000;0.7426;2.948;0.00
0;243;CHA;CC;4.024;11.25;65482.000;0.7457;2.960;0.00
0;244;CHA;CC;4.024;11.24;65482.000;0.7488;2.973;0.00
0;245;CHA;CC;4.024;11.25;65483.000;0.7520;2.985;0.00
0;246;CHA;CC;4.025;11.25;65483.000;0.7551;2.998;0.00
0;247;CHA;CC;4.026;11.24;65483.000;0.7582;3.010;0.00
0;248;CHA;CC;4.026;11.25;65483.000;0.7613;3.023;0.00
0;249;CHA;CC;4.027;11.25;65483.000;0.7645;3.036;0.00
0;250;CHA;CC;4.027;11.24;65483.000;0.7676;3.048;0.00
0;251;CHA;CC;4.027;11.26;65483.000;0.7707;3.061;0.00
0;252;CHA;CC;4.028;11.25;65483.000;0.7738;3.073;0.00
0;253;CHA;CC;4.028;11.24;65483.000;0.7770;3.086;0.00
0;254;CHA;CC;4.029;11.25;65483.000;0.7801;3.099;0.00
0;255;CHA;CC;4.029;11.24;65483.000;0.7832;3.111;0.00
0;256;CHA;CC;4.029;11.25;65483.000;0.7863;3.124;0.00
0;257;CHA;CC;4.030;11.25;65483.000;0.7895;3.136;0.00
0;258;CHA;CC;4.030;11.25;65482.000;0.7926;3.149;0.00
0;259;CHA;CC;4.031;11.26;65483.000;0.7957;3.162;0.00
0;260;CHA;CC;4.031;11.25;65481.000;0.7988;3.174;0.00
0;261;CHA;CC;4.032;11.25;65481.000;0.8020;3.187;0.00
0;262;CHA;CC;4.032;11.24;65482.000;0.8051;3.199;0.00
0;263;CHA;CC;4.033;11.25;65481.000;0.8082;3.212;0.00
0;264;CHA;CC;4.033;11.25;65481.000;0.8113;3.225;0.00
0;265;CHA;CC;4.034;11.27;65481.000;0.8145;3.237;0.00
0;266;CHA;CC;4.034;11.26;65482.000;0.8176;3.250;0.00
0;267;CHA;CC;4.035;11.26;65482.000;0.8207;3.262;0.00
0;268;CHA;CC;4.035;11.25;65482.000;0.8238;3.275;0.00
0;269;CHA;CC;4.035;11.26;65482.000;0.8270;3.288;0.00
0;270;CHA;CC;4.036;11.26;65482.000;0.8301;3.300;0.00
0;271;CHA;CC;4.036;11.25;65481.000;0.8332;3.313;0.00
0;272;CHA;CC;4.037;11.26;65482.000;0.8364;3.326;0.00
0;273;CHA;CC;4.037;11.25;65482.000;0.8395;3.338;0.00
0;274;CHA;CC;4.038;11.25;65481.000;0.8426;3.351;0.00
0;275;CHA;CC;4.038;11.25;65481.000;0.8457;3.363;0.00
0;276;CHA;CC;4.038;11.26;65481.000;0.8489;3.376;0.00
0;277;CHA;CC;4.039;11.24;65481.000;0.8520;3.389;0.00
0;278;CHA;CC;4.039;11.25;65481.000;0.8551;3.401;0.00
0;279;CHA;CC;4.040;11.26;65483.000;0.8582;3.414;0.00
0;280;CHA;CC;4.040;11.25;65482.000;0.8614;3.427;0.00
0;281;CHA;CC;4.041;11.26;65482.000;0.8645;3.439;0.00
0;282;CHA;CC;4.041;11.25;65483.000;0.8676;3.452;0.00
0;283;CHA;CC;4.042;11.25;65483.000;0.8707;3.464;0.00
0;284;CHA;CC;4.042;11.25;65482.000;0.8739;3.477;0.00
0;285;CHA;CC;4.043;11.25;65483.000;0.8770;3.490;0.00
0;286;CHA;CC;4.043;11.24;65482.000;0.8801;3.502;0.00
0;287;CHA;CC;4.044;11.25;65482.000;0.8832;3.515;0.00
cycle;time;mode;cc/cv;voltage;current;temperature;cumul.Ah;cumul.Wh;DCresistance
0;0;OFF;CC;4.007;0.02;65495.000;0.0000;0.000;0.00
0;4;CHA;CC;4.023;6.95;65483.000;0.0019;0.008;0.00
0;5;CHA;CC;4.025;7.49;65483.000;0.0040;0.016;0.00
0;6;CHA;CC;4.028;8.11;65482.000;0.0063;0.025;0.00
0;7;CHA;CC;4.030;8.64;65483.000;0.0087;0.035;0.00
0;8;CHA;CC;4.034;9.87;65482.000;0.0114;0.046;0.00
0;9;CHA;CC;4.038;11.04;65482.000;0.0145;0.058;0.00
0;10;CHA;CC;4.040;11.65;65482.000;0.0177;0.071;0.00
0;11;CHA;CC;4.042;11.69;65483.000;0.0210;0.085;0.00
0;12;CHA;CC;4.043;11.51;65483.000;0.0242;0.097;0.00
0;13;CHA;CC;4.044;11.32;65483.000;0.0273;0.110;0.00
0;14;CHA;CC;4.045;11.24;65482.000;0.0304;0.123;0.00
0;15;CHA;CC;4.046;11.20;65482.000;0.0335;0.135;0.00
0;16;CHA;CC;4.046;11.22;65482.000;0.0366;0.148;0.00
0;17;CHA;CC;4.047;11.23;65482.000;0.0398;0.161;0.00
0;18;CHA;CC;4.048;11.24;65482.000;0.0429;0.173;0.00
0;19;CHA;CC;4.049;11.26;65483.000;0.0460;0.186;0.00
0;20;CHA;CC;4.049;11.27;65482.000;0.0491;0.199;0.00
0;21;CHA;CC;4.050;11.26;65483.000;0.0523;0.211;0.00
0;22;CHA;CC;4.051;11.25;65482.000;0.0554;0.224;0.00
0;23;CHA;CC;4.051;11.25;65482.000;0.0585;0.237;0.00
0;24;CHA;CC;4.052;11.24;65482.000;0.0616;0.249;0.00
0;25;CHA;CC;4.052;11.24;65483.000;0.0648;0.262;0.00
0;26;CHA;CC;4.053;11.25;65483.000;0.0679;0.275;0.00
0;27;CHA;CC;4.054;11.25;65482.000;0.0710;0.287;0.00
0;28;CHA;CC;4.054;11.25;65482.000;0.0741;0.300;0.00
0;29;CHA;CC;4.055;11.26;65482.000;0.0773;0.313;0.00
0;30;CHA;CC;4.055;11.26;65483.000;0.0804;0.325;0.00
0;31;CHA;CC;4.056;11.26;65482.000;0.0835;0.338;0.00
0;32;CHA;CC;4.056;11.26;65483.000;0.0867;0.351;0.00
0;33;CHA;CC;4.057;11.25;65483.000;0.0898;0.363;0.00
0;34;CHA;CC;4.057;11.26;65482.000;0.0929;0.376;0.00
0;35;CHA;CC;4.057;11.25;65483.000;0.0960;0.389;0.00
0;36;CHA;CC;4.058;11.26;65482.000;0.0992;0.401;0.00
0;37;CHA;CC;4.058;11.26;65483.000;0.1023;0.414;0.00
0;38;CHA;CC;4.059;11.26;65483.000;0.1054;0.427;0.00
0;39;CHA;CC;4.060;11.25;65483.000;0.1085;0.439;0.00
0;40;CHA;CC;4.060;11.25;65484.000;0.1117;0.452;0.00
0;41;CHA;CC;4.060;11.24;65483.000;0.1148;0.465;0.00
0;42;CHA;CC;4.061;11.24;65482.000;0.1179;0.477;0.00
0;43;CHA;CC;4.061;11.25;65482.000;0.1210;0.490;0.00
0;44;CHA;CC;4.062;11.24;65483.000;0.1242;0.503;0.00
0;45;CHA;CC;4.062;11.25;65483.000;0.1273;0.516;0.00
0;46;CHA;CC;4.063;11.23;65482.000;0.1304;0.528;0.00
0;47;CHA;CC;4.063;11.24;65482.000;0.1335;0.541;0.00
0;48;CHA;CC;4.064;11.23;65483.000;0.1366;0.554;0.00
0;49;CHA;CC;4.064;11.23;65483.000;0.1398;0.566;0.00
0;50;CHA;CC;4.065;11.25;65481.000;0.1429;0.579;0.00
0;51;CHA;CC;4.065;11.25;65482.000;0.1460;0.592;0.00
0;52;CHA;CC;4.066;11.24;65482.000;0.1491;0.604;0.00
0;53;CHA;CC;4.066;11.23;65481.000;0.1522;0.617;0.00
0;54;CHA;CC;4.067;11.24;65482.000;0.1554;0.630;0.00
0;55;CHA;CC;4.067;11.25;65482.000;0.1585;0.642;0.00
0;56;CHA;CC;4.068;11.25;65482.000;0.1616;0.655;0.00
0;57;CHA;CC;4.068;11.26;65482.000;0.1647;0.668;0.00
0;58;CHA;CC;4.068;11.25;65482.000;0.1679;0.681;0.00
0;59;CHA;CC;4.069;11.24;65482.000;0.1710;0.693;0.00
0;60;CHA;CC;4.069;11.24;65481.000;0.1741;0.706;0.00
0;61;CHA;CC;4.070;11.24;65483.000;0.1772;0.719;0.00
0;62;CHA;CC;4.070;11.24;65483.000;0.1804;0.731;0.00
0;63;CHA;CC;4.071;11.25;65483.000;0.1835;0.744;0.00
0;64;CHA;CC;4.071;11.25;65482.000;0.1866;0.757;0.00
0;65;CHA;CC;4.072;11.25;65483.000;0.1897;0.770;0.00
0;66;CHA;CC;4.072;11.23;65482.000;0.1929;0.782;0.00
0;67;CHA;CC;4.073;11.24;65482.000;0.1960;0.795;0.00
0;68;CHA;CC;4.073;11.25;65482.000;0.1991;0.808;0.00
0;69;CHA;CC;4.073;11.25;65482.000;0.2022;0.820;0.00
0;70;CHA;CC;4.074;11.24;65482.000;0.2054;0.833;0.00
0;71;CHA;CC;4.074;11.24;65481.000;0.2085;0.846;0.00
0;72;CHA;CC;4.075;11.23;65483.000;0.2116;0.859;0.00
0;73;CHA;CC;4.076;11.24;65482.000;0.2147;0.871;0.00
0;74;CHA;CC;4.076;11.24;65482.000;0.2178;0.884;0.00
0;75;CHA;CC;4.077;11.25;65482.000;0.2210;0.897;0.00
0;76;CHA;CC;4.077;11.25;65482.000;0.2241;0.910;0.00
0;77;CHA;CC;4.077;11.25;65483.000;0.2272;0.922;0.00
0;78;CHA;CC;4.078;11.24;65482.000;0.2303;0.935;0.00
0;79;CHA;CC;4.078;11.25;65482.000;0.2335;0.948;0.00
0;80;CHA;CC;4.079;11.25;65482.000;0.2366;0.961;0.00
0;81;CHA;CC;4.079;11.24;65483.000;0.2397;0.973;0.00
0;82;CHA;CC;4.080;11.25;65483.000;0.2428;0.986;0.00
0;83;CHA;CC;4.081;11.25;65482.000;0.2460;0.999;0.00
0;84;CHA;CC;4.081;11.25;65483.000;0.2491;1.012;0.00
0;85;CHA;CC;4.082;11.24;65483.000;0.2522;1.024;0.00
0;86;CHA;CC;4.082;11.24;65483.000;0.2553;1.037;0.00
0;87;CHA;CC;4.083;11.24;65484.000;0.2585;1.050;0.00
0;88;CHA;CC;4.083;11.25;65483.000;0.2616;1.063;0.00
0;89;CHA;CC;4.084;11.24;65483.000;0.2647;1.075;0.00
0;90;CHA;CC;4.084;11.24;65484.000;0.2678;1.088;0.00
0;91;CHA;CC;4.085;11.24;65483.000;0.2709;1.101;0.00
0;92;CHA;CC;4.085;11.23;65483.000;0.2741;1.113;0.00
0;93;CHA;CC;4.086;11.24;65483.000;0.2772;1.126;0.00
0;94;CHA;CC;4.087;11.24;65483.000;0.2803;1.139;0.00
0;95;CHA;CC;4.087;11.25;65483.000;0.2834;1.152;0.00
0;96;CHA;CC;4.088;11.25;65483.000;0.2866;1.165;0.00
0;97;CHA;CC;4.088;11.25;65483.000;0.2897;1.177;0.00
0;98;CHA;CC;4.089;11.26;65483.000;0.2928;1.190;0.00
0;99;CHA;CC;4.089;11.26;65483.000;0.2959;1.203;0.00
0;100;CHA;CC;4.090;11.26;65483.000;0.2991;1.216;0.00
0;101;CHA;CC;4.091;11.26;65483.000;0.3022;1.228;0.00
0;102;CHA;CC;4.091;11.25;65483.000;0.3053;1.241;0.00
0;103;CHA;CC;4.092;11.24;65483.000;0.3084;1.254;0.00
0;104;CHA;CC;4.093;11.23;65483.000;0.3116;1.267;0.00
0;105;CHA;CC;4.093;11.25;65483.000;0.3147;1.280;0.00
0;106;CHA;CC;4.094;11.25;65484.000;0.3178;1.292;0.00
0;107;CHA;CC;4.094;11.24;65483.000;0.3209;1.305;0.00
0;108;CHA;CC;4.095;11.25;65483.000;0.3240;1.318;0.00
0;109;CHA;CC;4.096;11.26;65483.000;0.3272;1.331;0.00
0;110;CHA;CC;4.096;11.25;65483.000;0.3303;1.344;0.00
0;111;CHA;CC;4.097;11.24;65483.000;0.3334;1.356;0.00
0;112;CHA;CC;4.098;11.23;65483.000;0.3365;1.369;0.00
0;113;CHA;CC;4.098;11.25;65483.000;0.3397;1.382;0.00
0;114;CHA;CC;4.099;11.24;65483.000;0.3428;1.395;0.00
0;115;CHA;CC;4.100;11.24;65483.000;0.3459;1.408;0.00
0;116;CHA;CC;4.100;11.23;65483.000;0.3490;1.420;0.00
0;117;CHA;CC;4.101;11.24;65483.000;0.3522;1.433;0.00
0;118;CHA;CC;4.101;11.25;65482.000;0.3553;1.446;0.00
0;119;CHA;CC;4.102;11.25;65482.000;0.3584;1.459;0.00
0;120;CHA;CC;4.103;11.25;65483.000;0.3615;1.472;0.00
0;121;CHA;CC;4.104;11.25;65483.000;0.3647;1.484;0.00
0;122;CHA;CC;4.104;11.25;65483.000;0.3678;1.497;0.00
0;123;CHA;CC;4.105;11.25;65482.000;0.3709;1.510;0.00
0;124;CHA;CC;4.106;11.25;65483.000;0.3740;1.523;0.00
0;125;CHA;CC;4.106;11.25;65482.000;0.3772;1.536;0.00
0;126;CHA;CC;4.107;11.25;65482.000;0.3803;1.549;0.00
0;127;CHA;CC;4.107;11.24;65483.000;0.3834;1.561;0.00
0;128;CHA;CC;4.108;11.26;65482.000;0.3865;1.574;0.00
0;129;CHA;CC;4.109;11.24;65483.000;0.3896;1.587;0.00
0;130;CHA;CC;4.110;11.24;65483.000;0.3928;1.600;0.00
0;131;CHA;CC;4.110;11.23;65483.000;0.3959;1.613;0.00
0;132;CHA;CC;4.111;11.23;65483.000;0.3990;1.626;0.00
0;133;CHA;CC;4.112;11.24;65483.000;0.4021;1.638;0.00
0;134;CHA;CC;4.112;11.23;65483.000;0.4053;1.651;0.00
0;135;CHA;CC;4.113;11.24;65482.000;0.4084;1.664;0.00
0;136;CHA;CC;4.114;11.23;65483.000;0.4115;1.677;0.00
0;137;CHA;CC;4.114;11.24;65482.000;0.4146;1.690;0.00
0;138;CHA;CC;4.115;11.24;65481.000;0.4177;1.703;0.00
0;139;CHA;CC;4.116;11.24;65482.000;0.4209;1.715;0.00
0;140;CHA;CC;4.116;11.24;65483.000;0.4240;1.728;0.00
0;141;CHA;CC;4.117;11.24;65483.000;0.4271;1.741;0.00
0;142;CHA;CC;4.118;11.25;65483.000;0.4302;1.754;0.00
0;143;CHA;CC;4.118;11.25;65482.000;0.4334;1.767;0.00
0;144;CHA;CC;4.119;11.24;65483.000;0.4365;1.780;0.00
0;145;CHA;CC;4.120;11.25;65483.000;0.4396;1.793;0.00
0;146;CHA;CC;4.121;11.25;65483.000;0.4427;1.806;0.00
0;147;CHA;CC;4.121;11.24;65483.000;0.4459;1.818;0.00
0;148;CHA;CC;4.122;11.24;65483.000;0.4490;1.831;0.00
0;149;CHA;CC;4.122;11.24;65483.000;0.4521;1.844;0.00
0;150;CHA;CC;4.123;11.24;65483.000;0.4552;1.857;0.00
0;151;CHA;CC;4.124;11.24;65484.000;0.4583;1.870;0.00
0;152;CHA;CC;4.124;11.24;65483.000;0.4615;1.883;0.00
0;153;CHA;CC;4.125;11.24;65483.000;0.4646;1.896;0.00
0;154;CHA;CC;4.126;11.24;65483.000;0.4677;1.909;0.00
0;155;CHA;CC;4.126;11.24;65482.000;0.4708;1.921;0.00
0;156;CHA;CC;4.127;11.24;65483.000;0.4740;1.934;0.00
0;157;CHA;CC;4.128;11.24;65484.000;0.4771;1.947;0.00
0;158;CHA;CC;4.128;11.24;65483.000;0.4802;1.960;0.00
0;159;CHA;CC;4.129;11.23;65483.000;0.4833;1.973;0.00
0;160;CHA;CC;4.129;11.24;65484.000;0.4864;1.986;0.00
0;161;CHA;CC;4.130;11.23;65483.000;0.4896;1.999;0.00
0;162;CHA;CC;4.131;11.24;65484.000;0.4927;2.012;0.00
0;163;CHA;CC;4.131;11.25;65483.000;0.4958;2.025;0.00
0;164;CHA;CC;4.132;11.24;65483.000;0.4989;2.037;0.00
0;165;CHA;CC;4.132;11.24;65482.000;0.5021;2.050;0.00
0;166;CHA;CC;4.133;11.24;65483.000;0.5052;2.063;0.00
0;167;CHA;CC;4.133;11.24;65483.000;0.5083;2.076;0.00
0;168;CHA;CC;4.134;11.25;65483.000;0.5114;2.089;0.00
0;169;CHA;CC;4.134;11.24;65483.000;0.5145;2.102;0.00
0;170;CHA;CC;4.135;11.24;65483.000;0.5177;2.115;0.00
0;171;CHA;CC;4.135;11.23;65483.000;0.5208;2.128;0.00
0;172;CHA;CC;4.136;11.24;65484.000;0.5239;2.141;0.00
0;173;CHA;CC;4.137;11.23;65483.000;0.5270;2.154;0.00
0;174;CHA;CC;4.137;11.25;65483.000;0.5302;2.167;0.00
0;175;CHA;CC;4.138;11.26;65483.000;0.5333;2.179;0.00
0;176;CHA;CC;4.138;11.25;65483.000;0.5364;2.192;0.00
0;177;CHA;CC;4.139;11.25;65482.000;0.5395;2.205;0.00
0;178;CHA;CC;4.139;11.24;65482.000;0.5426;2.218;0.00
0;179;CHA;CC;4.140;11.24;65482.000;0.5458;2.231;0.00
0;180;CHA;CC;4.140;11.25;65482.000;0.5489;2.244;0.00
0;181;CHA;CC;4.141;11.25;65481.000;0.5520;2.257;0.00
0;182;CHA;CC;4.141;11.24;65482.000;0.5551;2.270;0.00
0;183;CHA;CC;4.142;11.24;65482.000;0.5583;2.283;0.00
0;184;CHA;CC;4.142;11.25;65481.000;0.5614;2.296;0.00
0;185;CHA;CC;4.143;11.24;65482.000;0.5645;2.309;0.00
0;186;CHA;CC;4.144;11.24;65482.000;0.5676;2.322;0.00
0;187;CHA;CC;4.144;11.24;65482.000;0.5708;2.335;0.00
0;188;CHA;CC;4.144;11.24;65481.000;0.5739;2.348;0.00
0;189;CHA;CC;4.145;11.23;65483.000;0.5770;2.361;0.00
0;190;CHA;CC;4.145;11.24;65482.000;0.5801;2.373;0.00
0;191;CHA;CC;4.146;11.24;65482.000;0.5832;2.386;0.00
0;192;CHA;CC;4.146;11.24;65482.000;0.5864;2.399;0.00
0;193;CHA;CC;4.147;11.24;65482.000;0.5895;2.412;0.00
0;194;CHA;CC;4.148;11.25;65482.000;0.5926;2.425;0.00
0;195;CHA;CC;4.148;11.24;65483.000;0.5957;2.438;0.00
0;196;CHA;CC;4.149;11.23;65482.000;0.5989;2.451;0.00
0;197;CHA;CC;4.149;11.25;65482.000;0.6020;2.464;0.00
0;198;CHA;CC;4.150;11.25;65482.000;0.6051;2.477;0.00
0;199;CHA;CC;4.150;11.25;65482.000;0.6082;2.490;0.00
0;200;CHA;CC;4.151;11.25;65483.000;0.6114;2.503;0.00
0;201;CHA;CC;4.151;11.25;65482.000;0.6145;2.516;0.00
0;202;CHA;CC;4.152;11.24;65482.000;0.6176;2.529;0.00
0;203;CHA;CC;4.152;11.25;65482.000;0.6207;2.542;0.00
0;204;CHA;CC;4.153;11.24;65482.000;0.6238;2.555;0.00
0;205;CHA;CC;4.154;11.24;65483.000;0.6270;2.568;0.00
0;206;CHA;CC;4.154;11.25;65482.000;0.6301;2.581;0.00
0;207;CHA;CC;4.155;11.25;65482.000;0.6332;2.594;0.00
0;208;CHA;CC;4.155;11.25;65482.000;0.6363;2.607;0.00
0;209;CHA;CC;4.156;11.26;65482.000;0.6395;2.620;0.00
0;210;CHA;CC;4.156;11.24;65482.000;0.6426;2.633;0.00
0;211;CHA;CC;4.157;11.24;65483.000;0.6457;2.646;0.00
0;212;CHA;CC;4.158;11.24;65482.000;0.6488;2.659;0.00
0;213;CHA;CC;4.159;11.24;65483.000;0.6520;2.672;0.00
0;214;CHA;CC;4.159;11.26;65483.000;0.6551;2.685;0.00
0;215;CHA;CC;4.160;11.25;65483.000;0.6582;2.698;0.00
0;216;CHA;CC;4.160;11.24;65483.000;0.6613;2.711;0.00
0;217;CHA;CC;4.161;11.24;65482.000;0.6645;2.724;0.00
0;218;CHA;CC;4.161;11.23;65483.000;0.6676;2.737;0.00
0;219;CHA;CC;4.162;11.24;65483.000;0.6707;2.750;0.00
0;220;CHA;CC;4.162;11.25;65483.000;0.6738;2.763;0.00
0;221;CHA;CC;4.163;11.25;65483.000;0.6769;2.776;0.00
0;222;CHA;CC;4.164;11.25;65483.000;0.6801;2.789;0.00
0;223;CHA;CC;4.165;11.24;65483.000;0.6832;2.802;0.00
0;224;CHA;CC;4.165;11.25;65482.000;0.6863;2.815;0.00
0;225;CHA;CC;4.166;11.24;65483.000;0.6894;2.828;0.00
0;226;CHA;CC;4.166;11.24;65483.000;0.6926;2.841;0.00
0;227;CHA;CC;4.167;11.25;65483.000;0.6957;2.854;0.00
0;228;CHA;CC;4.167;11.24;65483.000;0.6988;2.867;0.00
0;229;CHA;CC;4.168;11.24;65482.000;0.7019;2.880;0.00
0;230;CHA;CC;4.169;11.25;65483.000;0.7051;2.893;0.00
0;231;CHA;CC;4.169;11.24;65483.000;0.7082;2.906;0.00
0;232;CHA;CC;4.170;11.24;65484.000;0.7113;2.919;0.00
0;233;CHA;CC;4.171;11.25;65483.000;0.7144;2.932;0.00
0;234;CHA;CC;4.171;11.24;65483.000;0.7175;2.945;0.00
0;235;CHA;CC;4.172;11.24;65483.000;0.7207;2.958;0.00
0;236;CHA;CC;4.172;11.24;65483.000;0.7238;2.971;0.00
0;237;CHA;CC;4.173;11.24;65483.000;0.7269;2.984;0.00
0;238;CHA;CC;4.174;11.24;65484.000;0.7300;2.997;0.00
0;239;CHA;CC;4.174;11.24;65484.000;0.7332;3.010;0.00
0;240;CHA;CC;4.175;11.25;65483.000;0.7363;3.023;0.00
0;241;CHA;CC;4.176;11.24;65483.000;0.7394;3.036;0.00
0;242;CHA;CC;4.176;11.24;65483.000;0.7425;3.049;0.00
0;243;CHA;CC;4.177;11.25;65483.000;0.7456;3.062;0.00
0;244;CHA;CC;4.178;11.23;65483.000;0.7488;3.075;0.00
0;245;CHA;CC;4.178;11.23;65483.000;0.7519;3.088;0.00
0;246;CHA;CC;4.179;11.24;65483.000;0.7550;3.101;0.00
0;247;CHA;CC;4.179;11.24;65481.000;0.7581;3.114;0.00
0;248;CHA;CC;4.180;11.24;65481.000;0.7613;3.127;0.00
0;249;CHA;CC;4.181;11.25;65481.000;0.7644;3.141;0.00
0;250;CHA;CC;4.182;11.24;65482.000;0.7675;3.154;0.00
0;251;CHA;CC;4.182;11.24;65482.000;0.7706;3.167;0.00
0;252;CHA;CC;4.183;11.25;65482.000;0.7738;3.180;0.00
0;253;CHA;CC;4.183;11.23;65482.000;0.7769;3.193;0.00
0;254;CHA;CC;4.184;11.23;65482.000;0.7800;3.206;0.00
0;255;CHA;CC;4.185;11.24;65482.000;0.7831;3.219;0.00
0;256;CHA;CC;4.185;11.24;65482.000;0.7862;3.232;0.00
0;257;CHA;CC;4.186;11.25;65482.000;0.7894;3.245;0.00
0;258;CHA;CC;4.187;11.24;65482.000;0.7925;3.258;0.00
0;259;CHA;CC;4.188;11.24;65481.000;0.7956;3.271;0.00
0;260;CHA;CC;4.188;11.23;65481.000;0.7987;3.284;0.00
0;261;CHA;CC;4.189;11.24;65482.000;0.8018;3.297;0.00
0;262;CHA;CC;4.189;11.25;65481.000;0.8050;3.310;0.00
0;263;CHA;CC;4.190;11.25;65481.000;0.8081;3.323;0.00
0;264;CHA;CC;4.190;11.25;65481.000;0.8112;3.337;0.00
0;265;CHA;CC;4.191;11.25;65481.000;0.8143;3.350;0.00
0;266;CHA;CC;4.192;11.24;65482.000;0.8175;3.363;0.00
0;267;CHA;CC;4.193;11.25;65482.000;0.8206;3.376;0.00
0;268;CHA;CC;4.193;11.25;65482.000;0.8237;3.389;0.00
0;269;CHA;CC;4.194;11.24;65482.000;0.8268;3.402;0.00
0;270;CHA;CC;4.195;11.25;65482.000;0.8300;3.415;0.00
0;271;CHA;CC;4.195;11.24;65482.000;0.8331;3.428;0.00
0;272;CHA;CC;4.196;11.24;65482.000;0.8362;3.441;0.00
0;273;CHA;CC;4.196;11.24;65483.000;0.8393;3.454;0.00
0;274;CHA;CC;4.197;11.24;65482.000;0.8425;3.468;0.00
0;275;CHA;CC;4.198;11.23;65483.000;0.8456;3.481;0.00
0;276;CHA;CC;4.199;11.24;65483.000;0.8487;3.494;0.00
0;277;CHA;CC;4.199;11.25;65483.000;0.8518;3.507;0.00
0;278;CHA;CC;4.200;11.24;65482.000;0.8549;3.520;0.00
0;279;CHA;CC;4.200;11.24;65482.000;0.8581;3.533;0.00
0;280;CHA;CC;4.201;11.25;65482.000;0.8612;3.546;0.00
0;281;CHA;CC;4.202;11.24;65483.000;0.8643;3.559;0.00
0;282;CHA;CC;4.202;11.24;65482.000;0.8674;3.572;0.00
0;283;CHA;CV;4.203;11.23;65482.000;0.8706;3.586;0.00
0;284;CHA;CV;4.204;11.20;65481.000;0.8737;3.599;0.00
0;285;CHA;CV;4.204;11.13;65482.000;0.8768;3.612;0.00
0;286;CHA;CV;4.205;11.03;65482.000;0.8798;3.625;0.00
0;287;CHA;CV;4.205;10.93;65482.000;0.8829;3.637;0.00
0;288;CHA;CV;4.205;10.81;65481.000;0.8859;3.650;0.00
0;289;CHA;CV;4.206;10.69;65480.000;0.8888;3.662;0.00
0;290;CHA;CV;4.206;10.54;65482.000;0.8918;3.675;0.00
0;291;CHA;CV;4.206;10.41;65481.000;0.8946;3.687;0.00
0;292;CHA;CV;4.206;10.26;65482.000;0.8975;3.699;0.00
0;293;CHA;CV;4.207;10.12;65482.000;0.9003;3.711;0.00
0;294;CHA;CV;4.207;9.96;65481.000;0.9031;3.722;0.00
0;295;CHA;CV;4.207;9.80;65480.000;0.9058;3.734;0.00
0;296;CHA;CV;4.207;9.62;65482.000;0.9085;3.745;0.00
0;297;CHA;CV;4.207;9.45;65482.000;0.9111;3.756;0.00
0;298;CHA;CV;4.207;9.29;65481.000;0.9137;3.767;0.00
1;299;OFF;CV;4.207;7.73;65482.000;0.9158;3.776;0.00
1;303;DSCH;CC;4.127;-32.95;65479.000;-0.0092;-0.038;0.00
1;304;DSCH;CC;4.118;-36.25;65478.000;-0.0192;-0.079;0.00
1;305;DSCH;CC;4.097;-41.75;65479.000;-0.0308;-0.127;0.00
1;306;DSCH;CC;4.082;-44.26;65479.000;-0.0431;-0.177;0.00
1;307;DSCH;CC;4.070;-45.70;65479.000;-0.0558;-0.229;0.00
1;308;DSCH;CC;4.061;-46.13;65479.000;-0.0686;-0.281;0.00
1;309;DSCH;CC;4.055;-45.94;65479.000;-0.0814;-0.332;0.00
1;310;DSCH;CC;4.049;-45.41;65479.000;-0.0940;-0.383;0.00
1;311;DSCH;CC;4.045;-45.02;65480.000;-0.1065;-0.434;0.00
1;312;DSCH;CC;4.041;-44.76;65478.000;-0.1189;-0.484;0.00
1;313;DSCH;CC;4.037;-44.85;65479.000;-0.1314;-0.535;0.00
1;314;DSCH;CC;4.033;-44.79;65479.000;-0.1438;-0.585;0.00
1;315;DSCH;CC;4.029;-44.80;65479.000;-0.1563;-0.635;0.00
1;316;DSCH;CC;4.025;-44.59;65481.000;-0.1687;-0.685;0.00
1;317;DSCH;CC;4.022;-44.66;65481.000;-0.1811;-0.735;0.00
1;318;DSCH;CC;4.018;-44.87;65481.000;-0.1935;-0.785;0.00
1;319;DSCH;CC;4.015;-45.26;65481.000;-0.2061;-0.835;0.00
1;320;DSCH;CC;4.012;-45.31;65480.000;-0.2187;-0.886;0.00
1;321;DSCH;CC;4.010;-44.95;65480.000;-0.2312;-0.936;0.00
1;322;DSCH;CC;4.007;-44.76;65480.000;-0.2436;-0.986;0.00
1;323;DSCH;CC;4.004;-44.45;65480.000;-0.2560;-1.035;0.00
1;324;DSCH;CC;4.001;-44.60;65480.000;-0.2684;-1.085;0.00
1;325;DSCH;CC;3.998;-45.00;65479.000;-0.2809;-1.135;0.00
1;326;DSCH;CC;3.995;-45.29;65479.000;-0.2934;-1.185;0.00
1;327;DSCH;CC;3.993;-45.32;65480.000;-0.3060;-1.235;0.00
1;328;DSCH;CC;3.991;-45.33;65479.000;-0.3186;-1.285;0.00
1;329;DSCH;CC;3.989;-45.14;65479.000;-0.3312;-1.335;0.00
1;330;DSCH;CC;3.987;-45.07;65479.000;-0.3437;-1.385;0.00
1;331;DSCH;CC;3.985;-45.04;65479.000;-0.3562;-1.435;0.00
1;332;DSCH;CC;3.982;-45.07;65479.000;-0.3687;-1.485;0.00
1;333;DSCH;CC;3.980;-45.21;65479.000;-0.3813;-1.535;0.00
1;334;DSCH;CC;3.978;-45.10;65479.000;-0.3938;-1.585;0.00
1;335;DSCH;CC;3.976;-45.13;65478.000;-0.4063;-1.635;0.00
1;336;DSCH;CC;3.974;-45.16;65478.000;-0.4189;-1.685;0.00
1;337;DSCH;CC;3.972;-45.04;65478.000;-0.4314;-1.734;0.00
1;338;DSCH;CC;3.970;-45.08;65478.000;-0.4439;-1.784;0.00
1;339;DSCH;CC;3.968;-42.97;65476.000;-0.4558;-1.831;0.00
1;340;DSCH;CC;3.964;-44.04;65476.000;-0.4681;-1.880;0.00
1;341;DSCH;CC;3.961;-44.95;65476.000;-0.4806;-1.929;0.00
1;342;DSCH;CC;3.957;-45.29;65477.000;-0.4931;-1.979;0.00
1;343;DSCH;CC;3.955;-45.38;65477.000;-0.5057;-2.029;0.00
1;344;DSCH;CC;3.952;-45.22;65477.000;-0.5183;-2.079;0.00
1;345;DSCH;CC;3.950;-45.17;65477.000;-0.5309;-2.128;0.00
1;346;DSCH;CC;3.947;-45.05;65477.000;-0.5434;-2.177;0.00
1;347;DSCH;CC;3.945;-45.03;65477.000;-0.5559;-2.227;0.00
1;348;DSCH;CC;3.942;-45.03;65477.000;-0.5684;-2.276;0.00
1;349;DSCH;CC;3.940;-45.10;65477.000;-0.5809;-2.325;0.00
1;350;DSCH;CC;3.938;-45.00;65477.000;-0.5934;-2.375;0.00
1;351;DSCH;CC;3.935;-44.93;65477.000;-0.6059;-2.424;0.00
1;352;DSCH;CC;3.933;-44.93;65477.000;-0.6184;-2.473;0.00
1;353;DSCH;CC;3.930;-45.01;65477.000;-0.6309;-2.522;0.00
1;354;DSCH;CC;3.928;-42.77;65478.000;-0.6428;-2.569;0.00
1;355;DSCH;CC;3.924;-43.52;65477.000;-0.6548;-2.616;0.00
1;356;DSCH;CC;3.920;-44.45;65478.000;-0.6672;-2.665;0.00
1;357;DSCH;CC;3.916;-45.03;65478.000;-0.6797;-2.714;0.00
1;358;DSCH;CC;3.913;-45.20;65478.000;-0.6923;-2.763;0.00
1;359;DSCH;CC;3.910;-45.24;65478.000;-0.7048;-2.812;0.00
1;360;DSCH;CC;3.907;-45.08;65477.000;-0.7174;-2.861;0.00
1;361;DSCH;CC;3.905;-44.98;65477.000;-0.7298;-2.910;0.00
1;362;DSCH;CC;3.903;-44.82;65477.000;-0.7423;-2.958;0.00
1;363;DSCH;CC;3.900;-44.76;65477.000;-0.7547;-3.007;0.00
1;364;DSCH;CC;3.897;-44.66;65477.000;-0.7671;-3.055;0.00
1;365;DSCH;CC;3.895;-44.68;65476.000;-0.7795;-3.103;0.00
1;366;DSCH;CC;3.892;-44.82;65478.000;-0.7920;-3.152;0.00
1;367;DSCH;CC;3.890;-45.07;65477.000;-0.8045;-3.200;0.00
1;368;DSCH;CC;3.887;-45.23;65478.000;-0.8171;-3.249;0.00
1;369;DSCH;CC;3.885;-45.21;65477.000;-0.8296;-3.298;0.00
1;370;DSCH;CC;3.883;-45.10;65478.000;-0.8422;-3.347;0.00
1;371;DSCH;CC;3.881;-45.05;65478.000;-0.8547;-3.395;0.00
1;372;DSCH;CC;3.879;-45.07;65478.000;-0.8672;-3.444;0.00
1;373;DSCH;CC;3.877;-45.08;65478.000;-0.8797;-3.492;0.00
1;374;DSCH;CC;3.874;-45.12;65478.000;-0.8923;-3.541;0.00
1;375;DSCH;CC;3.872;-45.03;65478.000;-0.9048;-3.589;0.00
1;376;DSCH;CC;3.870;-45.04;65478.000;-0.9173;-3.638;0.00
1;377;DSCH;CC;3.868;-45.11;65478.000;-0.9298;-3.686;0.00
1;378;DSCH;CC;3.866;-45.09;65478.000;-0.9423;-3.735;0.00
1;379;DSCH;CC;3.864;-45.09;65478.000;-0.9549;-3.783;0.00
1;380;DSCH;CC;3.862;-45.08;65478.000;-0.9674;-3.831;0.00
1;381;DSCH;CC;3.861;-45.06;65479.000;-0.9799;-3.880;0.00
1;382;DSCH;CC;3.858;-45.13;65478.000;-0.9924;-3.928;0.00
1;383;DSCH;CC;3.856;-45.00;65478.000;-1.0049;-3.976;0.00
1;384;DSCH;CC;3.854;-45.06;65479.000;-1.0174;-4.025;0.00
1;385;DSCH;CC;3.852;-45.10;65478.000;-1.0300;-4.073;0.00
1;386;DSCH;CC;3.851;-45.15;65479.000;-1.0425;-4.121;0.00
1;387;DSCH;CC;3.849;-45.07;65479.000;-1.0550;-4.169;0.00
1;388;DSCH;CC;3.847;-45.02;65478.000;-1.0675;-4.217;0.00
1;389;DSCH;CC;3.845;-45.02;65477.000;-1.0800;-4.266;0.00
1;390;DSCH;CC;3.843;-45.06;65477.000;-1.0926;-4.314;0.00
1;391;DSCH;CC;3.841;-45.12;65477.000;-1.1051;-4.362;0.00
1;392;DSCH;CC;3.839;-45.07;65477.000;-1.1176;-4.410;0.00
1;393;DSCH;CC;3.838;-45.07;65477.000;-1.1301;-4.458;0.00
1;394;DSCH;CC;3.836;-45.06;65477.000;-1.1427;-4.506;0.00
1;395;DSCH;CC;3.834;-45.04;65477.000;-1.1552;-4.554;0.00
1;396;DSCH;CC;3.832;-45.08;65477.000;-1.1677;-4.602;0.00
1;397;DSCH;CC;3.830;-45.06;65477.000;-1.1802;-4.650;0.00
1;398;DSCH;CC;3.828;-45.12;65477.000;-1.1927;-4.698;0.00
1;399;DSCH;CC;3.826;-45.02;65476.000;-1.2052;-4.746;0.00
1;400;DSCH;CC;3.824;-44.99;65476.000;-1.2177;-4.793;0.00
1;401;DSCH;CC;3.823;-44.99;65476.000;-1.2302;-4.841;0.00
1;402;DSCH;CC;3.821;-45.06;65476.000;-1.2428;-4.889;0.00
1;403;DSCH;CC;3.819;-45.08;65476.000;-1.2553;-4.937;0.00
1;404;DSCH;CC;3.817;-45.02;65477.000;-1.2678;-4.985;0.00
1;405;DSCH;CC;3.815;-45.05;65477.000;-1.2803;-5.032;0.00
1;406;DSCH;CC;3.813;-45.05;65476.000;-1.2928;-5.080;0.00
1;407;DSCH;CC;3.812;-45.05;65477.000;-1.3053;-5.128;0.00
1;408;DSCH;CC;3.810;-45.04;65476.000;-1.3178;-5.175;0.00
1;409;DSCH;CC;3.808;-42.88;65476.000;-1.3297;-5.221;0.00
1;410;DSCH;CC;3.805;-43.83;65476.000;-1.3419;-5.267;0.00
1;411;DSCH;CC;3.801;-44.71;65477.000;-1.3543;-5.314;0.00
1;412;DSCH;CC;3.798;-45.19;65476.000;-1.3669;-5.362;0.00
1;413;DSCH;CC;3.796;-45.34;65476.000;-1.3795;-5.410;0.00
1;414;DSCH;CC;3.794;-45.27;65476.000;-1.3921;-5.457;0.00
1;415;DSCH;CC;3.792;-45.14;65477.000;-1.4046;-5.505;0.00
1;416;DSCH;CC;3.790;-45.03;65477.000;-1.4171;-5.552;0.00
1;417;DSCH;CC;3.789;-44.98;65476.000;-1.4296;-5.600;0.00
1;418;DSCH;CC;3.787;-44.98;65476.000;-1.4421;-5.647;0.00
1;419;DSCH;CC;3.785;-44.99;65476.000;-1.4546;-5.694;0.00
1;420;DSCH;CC;3.783;-45.01;65477.000;-1.4671;-5.742;0.00
1;421;DSCH;CC;3.781;-45.02;65476.000;-1.4796;-5.789;0.00
1;422;DSCH;CC;3.779;-45.02;65477.000;-1.4921;-5.836;0.00
1;423;DSCH;CC;3.778;-45.02;65477.000;-1.5046;-5.884;0.00
1;424;DSCH;CC;3.776;-45.03;65477.000;-1.5171;-5.931;0.00
1;425;DSCH;CC;3.774;-45.02;65477.000;-1.5296;-5.978;0.00
1;426;DSCH;CC;3.773;-45.02;65477.000;-1.5421;-6.025;0.00
1;427;DSCH;CC;3.771;-45.02;65477.000;-1.5546;-6.072;0.00
1;428;DSCH;CC;3.769;-45.02;65477.000;-1.5672;-6.119;0.00
1;429;DSCH;CC;3.768;-45.02;65477.000;-1.5797;-6.167;0.00
1;430;DSCH;CC;3.766;-45.01;65477.000;-1.5922;-6.214;0.00
1;431;DSCH;CC;3.764;-45.02;65478.000;-1.6047;-6.261;0.00
1;432;DSCH;CC;3.763;-45.02;65478.000;-1.6172;-6.308;0.00
1;433;DSCH;CC;3.761;-45.02;65478.000;-1.6297;-6.355;0.00
1;434;DSCH;CC;3.759;-45.02;65478.000;-1.6422;-6.402;0.00
1;435;DSCH;CC;3.758;-45.02;65477.000;-1.6547;-6.449;0.00
1;436;DSCH;CC;3.757;-45.02;65477.000;-1.6672;-6.496;0.00
1;437;DSCH;CC;3.755;-45.02;65477.000;-1.6797;-6.543;0.00
1;438;DSCH;CC;3.753;-45.02;65477.000;-1.6922;-6.590;0.00
1;439;DSCH;CC;3.752;-45.02;65477.000;-1.7047;-6.637;0.00
1;440;DSCH;CC;3.751;-45.02;65478.000;-1.7172;-6.683;0.00
1;441;DSCH;CC;3.749;-45.02;65478.000;-1.7297;-6.730;0.00
1;442;DSCH;CC;3.747;-45.02;65478.000;-1.7422;-6.777;0.00
1;443;DSCH;CC;3.746;-45.02;65478.000;-1.7547;-6.824;0.00
1;444;DSCH;CC;3.745;-45.02;65478.000;-1.7672;-6.871;0.00
1;445;DSCH;CC;3.743;-45.02;65478.000;-1.7797;-6.918;0.00
1;446;DSCH;CC;3.741;-45.02;65477.000;-1.7922;-6.964;0.00
1;447;DSCH;CC;3.740;-45.02;65478.000;-1.8048;-7.011;0.00
1;448;DSCH;CC;3.739;-45.02;65477.000;-1.8173;-7.058;0.00
1;449;DSCH;CC;3.737;-45.02;65478.000;-1.8298;-7.105;0.00
1;450;DSCH;CC;3.736;-45.02;65477.000;-1.8423;-7.151;0.00
1;451;DSCH;CC;3.735;-45.03;65478.000;-1.8548;-7.198;0.00
1;452;DSCH;CC;3.733;-45.02;65478.000;-1.8673;-7.245;0.00
1;453;DSCH;CC;3.732;-45.02;65477.000;-1.8798;-7.292;0.00
1;454;DSCH;CC;3.731;-45.02;65477.000;-1.8923;-7.338;0.00
1;455;DSCH;CC;3.729;-45.01;65475.000;-1.9048;-7.385;0.00
1;456;DSCH;CC;3.728;-45.01;65476.000;-1.9173;-7.431;0.00
1;457;DSCH;CC;3.727;-45.02;65476.000;-1.9298;-7.478;0.00
1;458;DSCH;CC;3.726;-45.02;65476.000;-1.9423;-7.525;0.00
1;459;DSCH;CC;3.724;-45.02;65476.000;-1.9548;-7.571;0.00
1;460;DSCH;CC;3.723;-45.02;65476.000;-1.9673;-7.618;0.00
1;461;DSCH;CC;3.722;-45.02;65477.000;-1.9798;-7.664;0.00
1;462;DSCH;CC;3.721;-45.02;65477.000;-1.9923;-7.711;0.00
1;463;DSCH;CC;3.719;-45.02;65477.000;-2.0048;-7.757;0.00
1;464;DSCH;CC;3.718;-45.02;65477.000;-2.0173;-7.804;0.00
1;465;DSCH;CC;3.717;-45.02;65477.000;-2.0298;-7.850;0.00
1;466;DSCH;CC;3.716;-45.02;65476.000;-2.0424;-7.897;0.00
1;467;DSCH;CC;3.714;-45.02;65477.000;-2.0549;-7.943;0.00
1;468;DSCH;CC;3.713;-45.02;65476.000;-2.0674;-7.990;0.00
1;469;DSCH;CC;3.712;-45.02;65476.000;-2.0799;-8.036;0.00
1;470;DSCH;CC;3.711;-45.01;65477.000;-2.0924;-8.083;0.00
1;471;DSCH;CC;3.710;-45.01;65477.000;-2.1049;-8.129;0.00
1;472;DSCH;CC;3.709;-45.01;65477.000;-2.1174;-8.175;0.00
1;473;DSCH;CC;3.708;-45.02;65476.000;-2.1299;-8.222;0.00
1;474;DSCH;CC;3.707;-45.02;65476.000;-2.1424;-8.268;0.00
1;475;DSCH;CC;3.706;-45.02;65477.000;-2.1549;-8.314;0.00
1;476;DSCH;CC;3.705;-45.02;65477.000;-2.1674;-8.361;0.00
1;477;DSCH;CC;3.703;-45.02;65477.000;-2.1799;-8.407;0.00
1;478;DSCH;CC;3.702;-45.02;65477.000;-2.1924;-8.453;0.00
1;479;DSCH;CC;3.701;-45.01;65477.000;-2.2049;-8.500;0.00
1;480;DSCH;CC;3.700;-45.01;65477.000;-2.2174;-8.546;0.00
1;481;DSCH;CC;3.699;-45.02;65478.000;-2.2299;-8.592;0.00
1;482;DSCH;CC;3.698;-45.02;65478.000;-2.2424;-8.638;0.00
1;483;DSCH;CC;3.697;-45.02;65478.000;-2.2549;-8.685;0.00
1;484;DSCH;CC;3.696;-45.02;65477.000;-2.2674;-8.731;0.00
1;485;DSCH;CC;3.695;-45.02;65477.000;-2.2799;-8.777;0.00
1;486;DSCH;CC;3.694;-45.02;65477.000;-2.2925;-8.823;0.00
1;487;DSCH;CC;3.693;-45.01;65477.000;-2.3050;-8.869;0.00
1;488;DSCH;CC;3.692;-45.02;65477.000;-2.3175;-8.916;0.00
1;489;DSCH;CC;3.691;-45.01;65477.000;-2.3300;-8.962;0.00
1;490;DSCH;CC;3.690;-45.02;65477.000;-2.3425;-9.008;0.00
1;491;DSCH;CC;3.689;-45.02;65478.000;-2.3550;-9.054;0.00
1;492;DSCH;CC;3.688;-45.02;65477.000;-2.3675;-9.100;0.00
1;493;DSCH;CC;3.687;-45.02;65477.000;-2.3800;-9.146;0.00
1;494;DSCH;CC;3.686;-45.02;65477.000;-2.3925;-9.192;0.00
1;495;DSCH;CC;3.685;-45.02;65477.000;-2.4050;-9.238;0.00
1;496;DSCH;CC;3.684;-45.01;65477.000;-2.4175;-9.284;0.00
1;497;DSCH;CC;3.683;-45.02;65477.000;-2.4300;-9.330;0.00
1;498;DSCH;CC;3.682;-45.02;65477.000;-2.4425;-9.376;0.00
1;499;DSCH;CC;3.681;-45.01;65477.000;-2.4550;-9.423;0.00
1;500;DSCH;CC;3.680;-45.01;65477.000;-2.4675;-9.469;0.00
1;501;DSCH;CC;3.679;-45.01;65477.000;-2.4800;-9.515;0.00
1;502;DSCH;CC;3.679;-45.01;65478.000;-2.4925;-9.561;0.00
1;503;DSCH;CC;3.678;-45.02;65478.000;-2.5050;-9.607;0.00
1;504;DSCH;CC;3.677;-45.01;65478.000;-2.5175;-9.653;0.00
1;505;DSCH;CC;3.676;-45.03;65478.000;-2.5300;-9.698;0.00
1;506;DSCH;CC;3.675;-45.02;65478.000;-2.5425;-9.744;0.00
1;507;DSCH;CC;3.674;-45.01;65479.000;-2.5550;-9.790;0.00
1;508;DSCH;CC;3.673;-45.00;65477.000;-2.5675;-9.836;0.00
1;509;DSCH;CC;3.673;-45.00;65478.000;-2.5800;-9.882;0.00
1;510;DSCH;CC;3.672;-45.00;65478.000;-2.5925;-9.928;0.00
1;511;DSCH;CC;3.670;-45.00;65477.000;-2.6050;-9.974;0.00
1;512;DSCH;CC;3.670;-45.01;65477.000;-2.6175;-10.020;0.00
1;513;DSCH;CC;3.669;-45.01;65478.000;-2.6301;-10.066;0.00
1;514;DSCH;CC;3.668;-45.01;65477.000;-2.6426;-10.112;0.00
1;515;DSCH;CC;3.668;-45.02;65477.000;-2.6551;-10.157;0.00
1;516;DSCH;CC;3.667;-45.01;65477.000;-2.6676;-10.203;0.00
1;517;DSCH;CC;3.666;-45.02;65476.000;-2.6801;-10.249;0.00
1;518;DSCH;CC;3.665;-45.00;65476.000;-2.6926;-10.295;0.00
1;519;DSCH;CC;3.664;-45.01;65476.000;-2.7051;-10.341;0.00
1;520;DSCH;CC;3.664;-45.01;65476.000;-2.7176;-10.387;0.00
1;521;DSCH;CC;3.663;-45.02;65476.000;-2.7301;-10.432;0.00
1;522;DSCH;CC;3.662;-45.02;65476.000;-2.7426;-10.478;0.00
1;523;DSCH;CC;3.661;-45.01;65476.000;-2.7551;-10.524;0.00
1;524;DSCH;CC;3.660;-45.00;65476.000;-2.7676;-10.570;0.00
1;525;DSCH;CC;3.659;-45.01;65476.000;-2.7801;-10.615;0.00
1;526;DSCH;CC;3.658;-45.01;65476.000;-2.7926;-10.661;0.00
1;527;DSCH;CC;3.657;-45.01;65476.000;-2.8051;-10.707;0.00
1;528;DSCH;CC;3.657;-45.01;65476.000;-2.8176;-10.753;0.00
1;529;DSCH;CC;3.656;-45.01;65476.000;-2.8301;-10.798;0.00
1;530;DSCH;CC;3.655;-45.02;65476.000;-2.8426;-10.844;0.00
1;531;DSCH;CC;3.654;-45.02;65476.000;-2.8551;-10.890;0.00
1;532;DSCH;CC;3.653;-45.01;65476.000;-2.8676;-10.935;0.00
1;533;DSCH;CC;3.652;-45.02;65477.000;-2.8801;-10.981;0.00
1;534;DSCH;CC;3.651;-45.03;65476.000;-2.8926;-11.027;0.00
1;535;DSCH;CC;3.651;-45.02;65476.000;-2.9051;-11.072;0.00
1;536;DSCH;CC;3.649;-45.02;65476.000;-2.9176;-11.118;0.00
1;537;DSCH;CC;3.648;-45.01;65476.000;-2.9301;-11.164;0.00
1;538;DSCH;CC;3.647;-45.02;65476.000;-2.9426;-11.209;0.00
1;539;DSCH;CC;3.646;-45.01;65476.000;-2.9551;-11.255;0.00
1;540;DSCH;CC;3.646;-45.02;65477.000;-2.9677;-11.300;0.00
1;541;DSCH;CC;3.645;-45.02;65477.000;-2.9802;-11.346;0.00
1;542;DSCH;CC;3.644;-45.01;65476.000;-2.9927;-11.392;0.00
1;543;DSCH;CC;3.643;-45.00;65477.000;-3.0052;-11.437;0.00
1;544;DSCH;CC;3.642;-45.01;65477.000;-3.0177;-11.483;0.00
1;545;DSCH;CC;3.641;-45.02;65477.000;-3.0302;-11.528;0.00
1;546;DSCH;CC;3.640;-45.01;65477.000;-3.0427;-11.574;0.00
1;547;DSCH;CC;3.639;-45.02;65477.000;-3.0552;-11.619;0.00
1;548;DSCH;CC;3.637;-45.03;65478.000;-3.0677;-11.665;0.00
1;549;DSCH;CC;3.636;-45.01;65477.000;-3.0802;-11.710;0.00
1;550;DSCH;CC;3.635;-45.01;65477.000;-3.0927;-11.756;0.00
1;551;DSCH;CC;3.634;-45.01;65476.000;-3.1052;-11.801;0.00
1;552;DSCH;CC;3.633;-45.02;65477.000;-3.1177;-11.846;0.00
1;553;DSCH;CC;3.632;-45.02;65477.000;-3.1302;-11.892;0.00
1;554;DSCH;CC;3.631;-45.02;65477.000;-3.1427;-11.937;0.00
1;555;DSCH;CC;3.630;-45.01;65477.000;-3.1552;-11.983;0.00
1;556;DSCH;CC;3.629;-45.02;65477.000;-3.1677;-12.028;0.00
1;557;DSCH;CC;3.628;-45.03;65477.000;-3.1802;-12.073;0.00
1;558;DSCH;CC;3.626;-45.01;65476.000;-3.1927;-12.119;0.00
1;559;DSCH;CC;3.625;-45.02;65477.000;-3.2052;-12.164;0.00
1;560;DSCH;CC;3.624;-45.03;65477.000;-3.2177;-12.209;0.00
1;561;DSCH;CC;3.623;-45.01;65476.000;-3.2302;-12.255;0.00
1;562;DSCH;CC;3.621;-45.02;65477.000;-3.2428;-12.300;0.00
1;563;DSCH;CC;3.620;-45.01;65477.000;-3.2553;-12.345;0.00
1;564;DSCH;CC;3.619;-45.01;65477.000;-3.2678;-12.391;0.00
1;565;DSCH;CC;3.617;-45.03;65477.000;-3.2803;-12.436;0.00
1;566;DSCH;CC;3.616;-45.03;65477.000;-3.2928;-12.481;0.00
1;567;DSCH;CC;3.615;-45.02;65477.000;-3.3053;-12.526;0.00
1;568;DSCH;CC;3.614;-45.01;65477.000;-3.3178;-12.571;0.00
1;569;DSCH;CC;3.613;-45.01;65478.000;-3.3303;-12.617;0.00
1;570;DSCH;CC;3.611;-45.03;65477.000;-3.3428;-12.662;0.00
1;571;DSCH;CC;3.610;-45.03;65477.000;-3.3553;-12.707;0.00
1;572;DSCH;CC;3.609;-45.02;65477.000;-3.3678;-12.752;0.00
1;573;DSCH;CC;3.608;-45.03;65476.000;-3.3803;-12.797;0.00
1;574;DSCH;CC;3.607;-45.01;65478.000;-3.3928;-12.842;0.00
1;575;DSCH;CC;3.605;-45.04;65478.000;-3.4053;-12.887;0.00
1;576;DSCH;CC;3.604;-45.01;65479.000;-3.4178;-12.932;0.00
1;577;DSCH;CC;3.603;-45.02;65478.000;-3.4303;-12.977;0.00
1;578;DSCH;CC;3.602;-45.01;65479.000;-3.4428;-13.023;0.00
1;579;DSCH;CC;3.600;-45.01;65478.000;-3.4553;-13.068;0.00
1;580;DSCH;CC;3.599;-45.01;65478.000;-3.4678;-13.113;0.00
1;581;DSCH;CC;3.598;-45.04;65478.000;-3.4804;-13.158;0.00
1;582;DSCH;CC;3.597;-45.03;65476.000;-3.4929;-13.203;0.00
1;583;DSCH;CC;3.595;-45.02;65476.000;-3.5054;-13.247;0.00
1;584;DSCH;CC;3.594;-45.02;65476.000;-3.5179;-13.292;0.00
1;585;DSCH;CC;3.593;-45.02;65476.000;-3.5304;-13.337;0.00
1;586;DSCH;CC;3.591;-45.02;65476.000;-3.5429;-13.382;0.00
1;587;DSCH;CC;3.590;-45.02;65476.000;-3.5554;-13.427;0.00
1;588;DSCH;CC;3.589;-45.02;65476.000;-3.5679;-13.472;0.00
1;589;DSCH;CC;3.587;-45.02;65475.000;-3.5804;-13.517;0.00
1;590;DSCH;CC;3.586;-45.01;65475.000;-3.5929;-13.562;0.00
1;591;DSCH;CC;3.585;-45.02;65475.000;-3.6054;-13.607;0.00
1;592;DSCH;CC;3.583;-45.03;65476.000;-3.6179;-13.651;0.00
1;593;DSCH;CC;3.581;-45.03;65475.000;-3.6304;-13.696;0.00
1;594;DSCH;CC;3.580;-45.02;65475.000;-3.6429;-13.741;0.00
1;595;DSCH;CC;3.578;-45.01;65475.000;-3.6554;-13.786;0.00
1;596;DSCH;CC;3.576;-45.02;65475.000;-3.6679;-13.830;0.00
1;597;DSCH;CC;3.574;-45.02;65475.000;-3.6804;-13.875;0.00
1;598;DSCH;CC;3.572;-45.05;65475.000;-3.6930;-13.920;0.00
1;599;DSCH;CC;3.570;-45.04;65475.000;-3.7055;-13.964;0.00
1;600;DSCH;CC;3.567;-45.01;65475.000;-3.7180;-14.009;0.00
1;601;DSCH;CC;3.564;-45.01;65476.000;-3.7305;-14.054;0.00
1;602;DSCH;CC;3.561;-45.03;65475.000;-3.7430;-14.098;0.00
1;603;DSCH;CC;3.557;-45.03;65475.000;-3.7555;-14.143;0.00
1;604;DSCH;CC;3.553;-45.04;65476.000;-3.7680;-14.187;0.00
1;605;DSCH;CC;3.548;-45.05;65476.000;-3.7805;-14.231;0.00
1;606;DSCH;CC;3.543;-45.04;65476.000;-3.7930;-14.276;0.00
1;607;DSCH;CC;3.538;-45.05;65476.000;-3.8055;-14.320;0.00
1;608;DSCH;CC;3.532;-45.06;65476.000;-3.8181;-14.364;0.00
1;609;DSCH;CC;3.525;-45.07;65476.000;-3.8306;-14.408;0.00
1;610;DSCH;CC;3.518;-45.07;65475.000;-3.8431;-14.452;0.00
1;611;DSCH;CC;3.511;-45.06;65475.000;-3.8556;-14.496;0.00
1;612;DSCH;CC;3.503;-45.11;65476.000;-3.8681;-14.540;0.00
1;613;DSCH;CC;3.494;-45.16;65477.000;-3.8807;-14.584;0.00
1;614;DSCH;CC;3.485;-45.15;65477.000;-3.8932;-14.628;0.00
1;615;DSCH;CC;3.475;-45.12;65476.000;-3.9058;-14.671;0.00
1;616;DSCH;CC;3.465;-45.08;65477.000;-3.9183;-14.715;0.00
1;617;DSCH;CC;3.453;-45.05;65476.000;-3.9308;-14.758;0.00
1;618;DSCH;CC;3.441;-45.06;65476.000;-3.9433;-14.801;0.00
1;619;DSCH;CC;3.428;-45.09;65477.000;-3.9558;-14.844;0.00
1;620;DSCH;CC;3.414;-45.19;65477.000;-3.9684;-14.887;0.00
1;621;DSCH;CC;3.399;-45.30;65478.000;-3.9810;-14.930;0.00
1;622;DSCH;CC;3.383;-45.17;65477.000;-3.9935;-14.972;0.00
1;623;DSCH;CC;3.365;-45.04;65477.000;-4.0060;-15.014;0.00
1;624;DSCH;CC;3.346;-44.99;65476.000;-4.0185;-15.056;0.00
1;625;DSCH;CC;3.324;-45.14;65477.000;-4.0311;-15.098;0.00
1;626;DSCH;CC;3.301;-45.33;65477.000;-4.0437;-15.139;0.00
1;627;DSCH;CC;3.275;-45.13;65477.000;-4.0562;-15.180;0.00
1;628;DSCH;CC;3.246;-44.91;65477.000;-4.0687;-15.221;0.00
1;629;DSCH;CC;3.212;-44.98;65477.000;-4.0812;-15.261;0.00
1;630;DSCH;CC;3.173;-44.91;65476.000;-4.0936;-15.301;0.00
1;631;DSCH;CC;3.127;-45.02;65476.000;-4.1062;-15.340;0.00
1;632;DSCH;CC;3.069;-45.08;65477.000;-4.1187;-15.378;0.00
1;633;DSCH;CC;2.992;-44.97;65476.000;-4.1312;-15.415;0.00
1;634;DSCH;CC;2.880;-44.96;65477.000;-4.1437;-15.451;0.00
2;635;OFF;CC;2.763;-33.75;65491.000;-4.1530;-15.477;0.00
2;639;CHA;CC;2.914;7.69;65482.000;0.0021;0.006;0.00
2;640;CHA;CC;2.944;9.02;65482.000;0.0046;0.014;0.00
2;641;CHA;CC;2.982;9.38;65482.000;0.0072;0.021;0.00
2;642;CHA;CC;3.017;9.60;65483.000;0.0099;0.029;0.00
2;643;CHA;CC;3.051;10.25;65483.000;0.0128;0.038;0.00
2;644;CHA;CC;3.082;11.00;65482.000;0.0158;0.048;0.00
2;645;CHA;CC;3.111;11.42;65483.000;0.0190;0.057;0.00
2;646;CHA;CC;3.137;11.52;65483.000;0.0222;0.067;0.00
2;647;CHA;CC;3.161;11.41;65482.000;0.0254;0.077;0.00
2;648;CHA;CC;3.182;11.30;65482.000;0.0285;0.087;0.00
2;649;CHA;CC;3.200;11.23;65481.000;0.0316;0.097;0.00
2;650;CHA;CC;3.217;11.21;65482.000;0.0347;0.107;0.00
2;651;CHA;CC;3.233;11.19;65482.000;0.0378;0.117;0.00
2;652;CHA;CC;3.248;11.19;65483.000;0.0409;0.128;0.00
2;653;CHA;CC;3.262;11.22;65482.000;0.0441;0.138;0.00
2;654;CHA;CC;3.275;11.25;65482.000;0.0472;0.148;0.00
2;655;CHA;CC;3.287;11.24;65482.000;0.0503;0.158;0.00
2;656;CHA;CC;3.299;11.25;65481.000;0.0534;0.169;0.00
2;657;CHA;CC;3.311;11.24;65482.000;0.0566;0.179;0.00
2;658;CHA;CC;3.321;11.23;65482.000;0.0597;0.189;0.00
2;659;CHA;CC;3.332;11.22;65482.000;0.0628;0.200;0.00
2;660;CHA;CC;3.342;11.22;65481.000;0.0659;0.210;0.00
2;661;CHA;CC;3.351;11.23;65481.000;0.0690;0.220;0.00
2;662;CHA;CC;3.360;11.23;65482.000;0.0721;0.231;0.00
2;663;CHA;CC;3.369;11.23;65482.000;0.0753;0.241;0.00
2;664;CHA;CC;3.378;11.23;65482.000;0.0784;0.252;0.00
2;665;CHA;CC;3.386;11.24;65482.000;0.0815;0.263;0.00
2;666;CHA;CC;3.394;11.25;65482.000;0.0846;0.273;0.00
2;667;CHA;CC;3.402;11.24;65482.000;0.0878;0.284;0.00
2;668;CHA;CC;3.410;11.24;65483.000;0.0909;0.294;0.00
2;669;CHA;CC;3.417;11.23;65482.000;0.0940;0.305;0.00
2;670;CHA;CC;3.424;11.23;65482.000;0.0971;0.316;0.00
2;671;CHA;CC;3.431;11.23;65481.000;0.1002;0.327;0.00
2;672;CHA;CC;3.438;11.23;65482.000;0.1034;0.337;0.00
2;673;CHA;CC;3.444;11.23;65482.000;0.1065;0.348;0.00
2;674;CHA;CC;3.451;11.23;65482.000;0.1096;0.359;0.00
2;675;CHA;CC;3.457;11.24;65482.000;0.1127;0.370;0.00
2;676;CHA;CC;3.463;11.25;65483.000;0.1158;0.380;0.00
2;677;CHA;CC;3.469;11.25;65482.000;0.1190;0.391;0.00
2;678;CHA;CC;3.475;11.26;65482.000;0.1221;0.402;0.00
2;679;CHA;CC;3.480;11.26;65481.000;0.1252;0.413;0.00
2;680;CHA;CC;3.486;11.25;65481.000;0.1284;0.424;0.00
2;681;CHA;CC;3.491;11.25;65482.000;0.1315;0.435;0.00
2;682;CHA;CC;3.497;11.25;65481.000;0.1346;0.446;0.00
2;683;CHA;CC;3.502;11.24;65482.000;0.1377;0.457;0.00
2;684;CHA;CC;3.507;11.24;65482.000;0.1408;0.468;0.00
2;685;CHA;CC;3.512;11.23;65481.000;0.1440;0.479;0.00
2;686;CHA;CC;3.517;11.24;65482.000;0.1471;0.490;0.00
2;687;CHA;CC;3.521;11.24;65481.000;0.1502;0.501;0.00
2;688;CHA;CC;3.526;11.23;65482.000;0.1533;0.512;0.00
2;689;CHA;CC;3.531;11.23;65482.000;0.1564;0.523;0.00
2;690;CHA;CC;3.535;11.24;65483.000;0.1596;0.534;0.00
2;691;CHA;CC;3.540;11.25;65482.000;0.1627;0.545;0.00
2;692;CHA;CC;3.544;11.25;65482.000;0.1658;0.556;0.00
2;693;CHA;CC;3.548;11.24;65482.000;0.1689;0.567;0.00
2;694;CHA;CC;3.553;11.24;65483.000;0.1721;0.578;0.00
2;695;CHA;CC;3.557;11.24;65483.000;0.1752;0.589;0.00
2;696;CHA;CC;3.561;11.23;65482.000;0.1783;0.600;0.00
2;697;CHA;CC;3.565;11.23;65482.000;0.1814;0.611;0.00
2;698;CHA;CC;3.569;11.23;65483.000;0.1845;0.622;0.00
2;699;CHA;CC;3.573;11.23;65482.000;0.1877;0.633;0.00
2;700;CHA;CC;3.576;11.23;65483.000;0.1908;0.645;0.00
2;701;CHA;CC;3.580;11.23;65483.000;0.1939;0.656;0.00
2;702;CHA;CC;3.584;11.23;65483.000;0.1970;0.667;0.00
2;703;CHA;CC;3.588;11.23;65483.000;0.2001;0.678;0.00
2;704;CHA;CC;3.591;11.23;65483.000;0.2033;0.689;0.00
2;705;CHA;CC;3.595;11.24;65483.000;0.2064;0.701;0.00
2;706;CHA;CC;3.598;11.24;65483.000;0.2095;0.712;0.00
2;707;CHA;CC;3.602;11.24;65482.000;0.2126;0.723;0.00
2;708;CHA;CC;3.605;11.24;65483.000;0.2158;0.734;0.00
2;709;CHA;CC;3.608;11.24;65483.000;0.2189;0.746;0.00
2;710;CHA;CC;3.612;11.23;65483.000;0.2220;0.757;0.00
2;711;CHA;CC;3.615;11.23;65483.000;0.2251;0.768;0.00
2;712;CHA;CC;3.618;11.24;65483.000;0.2282;0.779;0.00
2;713;CHA;CC;3.621;11.24;65483.000;0.2314;0.791;0.00
2;714;CHA;CC;3.624;11.24;65483.000;0.2345;0.802;0.00
2;715;CHA;CC;3.628;11.24;65483.000;0.2376;0.813;0.00
2;716;CHA;CC;3.631;11.24;65481.000;0.2407;0.825;0.00
2;717;CHA;CC;3.634;11.23;65481.000;0.2438;0.836;0.00
2;718;CHA;CC;3.637;11.23;65481.000;0.2470;0.847;0.00
2;719;CHA;CC;3.640;11.23;65481.000;0.2501;0.859;0.00
2;720;CHA;CC;3.642;11.23;65481.000;0.2532;0.870;0.00
2;721;CHA;CC;3.645;11.23;65481.000;0.2563;0.882;0.00
2;722;CHA;CC;3.648;11.24;65482.000;0.2594;0.893;0.00
2;723;CHA;CC;3.651;11.24;65481.000;0.2626;0.904;0.00
2;724;CHA;CC;3.654;11.23;65482.000;0.2657;0.916;0.00
2;725;CHA;CC;3.657;11.23;65482.000;0.2688;0.927;0.00
2;726;CHA;CC;3.659;11.24;65482.000;0.2719;0.939;0.00
2;727;CHA;CC;3.662;11.24;65482.000;0.2751;0.950;0.00
2;728;CHA;CC;3.664;11.24;65481.000;0.2782;0.961;0.00
2;729;CHA;CC;3.667;11.24;65481.000;0.2813;0.973;0.00
2;730;CHA;CC;3.669;11.23;65481.000;0.2844;0.984;0.00
2;731;CHA;CC;3.672;11.23;65481.000;0.2875;0.996;0.00
2;732;CHA;CC;3.674;11.23;65481.000;0.2907;1.007;0.00
2;733;CHA;CC;3.676;11.23;65482.000;0.2938;1.019;0.00
2;734;CHA;CC;3.679;11.23;65482.000;0.2969;1.030;0.00
2;735;CHA;CC;3.681;11.24;65482.000;0.3000;1.042;0.00
2;736;CHA;CC;3.684;11.24;65482.000;0.3031;1.053;0.00
2;737;CHA;CC;3.686;11.23;65482.000;0.3063;1.065;0.00
2;738;CHA;CC;3.689;11.24;65482.000;0.3094;1.076;0.00
2;739;CHA;CC;3.691;11.24;65482.000;0.3125;1.088;0.00
2;740;CHA;CC;3.693;11.24;65482.000;0.3156;1.099;0.00
2;741;CHA;CC;3.695;11.23;65482.000;0.3187;1.111;0.00
2;742;CHA;CC;3.697;11.23;65482.000;0.3219;1.122;0.00
2;743;CHA;CC;3.700;11.23;65483.000;0.3250;1.134;0.00
2;744;CHA;CC;3.702;11.23;65483.000;0.3281;1.145;0.00
2;745;CHA;CC;3.704;11.24;65483.000;0.3312;1.157;0.00
2;746;CHA;CC;3.706;11.24;65482.000;0.3343;1.169;0.00
2;747;CHA;CC;3.708;11.24;65482.000;0.3375;1.180;0.00
2;748;CHA;CC;3.710;11.23;65482.000;0.3406;1.192;0.00
2;749;CHA;CC;3.712;11.24;65482.000;0.3437;1.203;0.00
2;750;CHA;CC;3.714;11.23;65482.000;0.3468;1.215;0.00
2;751;CHA;CC;3.716;11.24;65482.000;0.3500;1.226;0.00
2;752;CHA;CC;3.718;11.23;65482.000;0.3531;1.238;0.00
2;753;CHA;CC;3.719;11.24;65482.000;0.3562;1.250;0.00
2;754;CHA;CC;3.721;11.24;65481.000;0.3593;1.261;0.00
2;755;CHA;CC;3.723;11.23;65482.000;0.3624;1.273;0.00
2;756;CHA;CC;3.724;11.24;65482.000;0.3656;1.285;0.00
2;757;CHA;CC;3.726;11.25;65482.000;0.3687;1.296;0.00
2;758;CHA;CC;3.728;11.24;65482.000;0.3718;1.308;0.00
2;759;CHA;CC;3.729;11.24;65481.000;0.3749;1.319;0.00
2;760;CHA;CC;3.730;11.24;65481.000;0.3781;1.331;0.00
2;761;CHA;CC;3.731;11.24;65482.000;0.3812;1.343;0.00
2;762;CHA;CC;3.732;11.24;65482.000;0.3843;1.354;0.00
2;763;CHA;CC;3.733;11.24;65482.000;0.3874;1.366;0.00
2;764;CHA;CC;3.734;11.25;65482.000;0.3905;1.378;0.00
2;765;CHA;CC;3.734;11.24;65481.000;0.3937;1.389;0.00
2;766;CHA;CC;3.735;11.24;65482.000;0.3968;1.401;0.00
2;767;CHA;CC;3.735;11.23;65482.000;0.3999;1.413;0.00
2;768;CHA;CC;3.736;11.24;65482.000;0.4030;1.424;0.00
2;769;CHA;CC;3.736;11.24;65482.000;0.4062;1.436;0.00
2;770;CHA;CC;3.736;11.24;65482.000;0.4093;1.448;0.00
2;771;CHA;CC;3.737;11.24;65481.000;0.4124;1.459;0.00
2;772;CHA;CC;3.737;11.24;65482.000;0.4155;1.471;0.00
2;773;CHA;CC;3.737;11.23;65481.000;0.4186;1.483;0.00
2;774;CHA;CC;3.738;11.24;65481.000;0.4218;1.494;0.00
2;775;CHA;CC;3.738;11.24;65482.000;0.4249;1.506;0.00
2;776;CHA;CC;3.738;11.23;65482.000;0.4280;1.518;0.00
2;777;CHA;CC;3.739;11.26;65482.000;0.4311;1.529;0.00
2;778;CHA;CC;3.739;11.24;65482.000;0.4343;1.541;0.00
2;779;CHA;CC;3.739;11.24;65482.000;0.4374;1.553;0.00
2;780;CHA;CC;3.739;11.23;65481.000;0.4405;1.564;0.00
2;781;CHA;CC;3.740;11.24;65482.000;0.4436;1.576;0.00
2;782;CHA;CC;3.740;11.25;65482.000;0.4467;1.588;0.00
2;783;CHA;CC;3.740;11.25;65482.000;0.4499;1.599;0.00
2;784;CHA;CC;3.740;11.24;65482.000;0.4530;1.611;0.00
2;785;CHA;CC;3.740;11.24;65482.000;0.4561;1.623;0.00
2;786;CHA;CC;3.741;11.24;65483.000;0.4592;1.634;0.00
2;787;CHA;CC;3.741;11.24;65481.000;0.4624;1.646;0.00
2;788;CHA;CC;3.741;11.25;65480.000;0.4655;1.658;0.00
2;789;CHA;CC;3.741;11.25;65480.000;0.4686;1.670;0.00
2;790;CHA;CC;3.742;11.25;65480.000;0.4717;1.681;0.00
2;791;CHA;CC;3.742;11.24;65481.000;0.4749;1.693;0.00
2;792;CHA;CC;3.742;11.25;65481.000;0.4780;1.705;0.00
2;793;CHA;CC;3.742;11.24;65481.000;0.4811;1.716;0.00
2;794;CHA;CC;3.742;11.24;65481.000;0.4842;1.728;0.00
2;795;CHA;CC;3.743;11.25;65481.000;0.4873;1.740;0.00
2;796;CHA;CC;3.743;11.24;65481.000;0.4905;1.751;0.00
2;797;CHA;CC;3.743;11.25;65481.000;0.4936;1.763;0.00
2;798;CHA;CC;3.744;11.25;65481.000;0.4967;1.775;0.00
2;799;CHA;CC;3.744;11.25;65481.000;0.4998;1.786;0.00
2;800;CHA;CC;3.744;11.25;65481.000;0.5030;1.798;0.00
2;801;CHA;CC;3.744;11.25;65481.000;0.5061;1.810;0.00
2;802;CHA;CC;3.745;11.25;65481.000;0.5092;1.822;0.00
2;803;CHA;CC;3.745;11.25;65481.000;0.5123;1.833;0.00
2;804;CHA;CC;3.745;11.25;65481.000;0.5155;1.845;0.00
2;805;CHA;CC;3.745;11.26;65481.000;0.5186;1.857;0.00
2;806;CHA;CC;3.746;11.25;65480.000;0.5217;1.868;0.00
2;807;CHA;CC;3.746;11.25;65481.000;0.5248;1.880;0.00
2;808;CHA;CC;3.746;11.25;65480.000;0.5280;1.892;0.00
2;809;CHA;CC;3.746;11.25;65481.000;0.5311;1.903;0.00
2;810;CHA;CC;3.746;11.25;65481.000;0.5342;1.915;0.00
2;811;CHA;CC;3.747;11.24;65482.000;0.5373;1.927;0.00
2;812;CHA;CC;3.747;11.24;65481.000;0.5405;1.939;0.00
2;813;CHA;CC;3.747;11.25;65482.000;0.5436;1.950;0.00
2;814;CHA;CC;3.747;11.25;65481.000;0.5467;1.962;0.00
2;815;CHA;CC;3.748;11.24;65481.000;0.5498;1.974;0.00
2;816;CHA;CC;3.748;11.24;65482.000;0.5530;1.985;0.00
2;817;CHA;CC;3.748;11.24;65481.000;0.5561;1.997;0.00
2;818;CHA;CC;3.749;11.25;65482.000;0.5592;2.009;0.00
2;819;CHA;CC;3.749;11.25;65481.000;0.5623;2.021;0.00
2;820;CHA;CC;3.749;11.23;65482.000;0.5655;2.032;0.00
2;821;CHA;CC;3.750;11.25;65482.000;0.5686;2.044;0.00
2;822;CHA;CC;3.750;11.24;65481.000;0.5717;2.056;0.00
2;823;CHA;CC;3.750;11.24;65482.000;0.5748;2.067;0.00
2;824;CHA;CC;3.751;11.24;65483.000;0.5779;2.079;0.00
2;825;CHA;CC;3.751;11.24;65483.000;0.5811;2.091;0.00
2;826;CHA;CC;3.751;11.25;65482.000;0.5842;2.103;0.00
2;827;CHA;CC;3.751;11.24;65482.000;0.5873;2.114;0.00
2;828;CHA;CC;3.752;11.24;65482.000;0.5904;2.126;0.00
2;829;CHA;CC;3.752;11.24;65482.000;0.5936;2.138;0.00
2;830;CHA;CC;3.752;11.24;65482.000;0.5967;2.149;0.00
2;831;CHA;CC;3.753;11.24;65483.000;0.5998;2.161;0.00
2;832;CHA;CC;3.753;11.24;65482.000;0.6029;2.173;0.00
2;833;CHA;CC;3.753;11.24;65483.000;0.6060;2.185;0.00
2;834;CHA;CC;3.753;11.24;65483.000;0.6092;2.196;0.00
2;835;CHA;CC;3.754;11.24;65483.000;0.6123;2.208;0.00
2;836;CHA;CC;3.754;11.24;65483.000;0.6154;2.220;0.00
2;837;CHA;CC;3.755;11.24;65482.000;0.6185;2.231;0.00
2;838;CHA;CC;3.755;11.25;65484.000;0.6217;2.243;0.00
2;839;CHA;CC;3.756;11.24;65483.000;0.6248;2.255;0.00
2;840;CHA;CC;3.756;11.25;65484.000;0.6279;2.267;0.00
2;841;CHA;CC;3.756;11.24;65483.000;0.6310;2.278;0.00
2;842;CHA;CC;3.757;11.25;65483.000;0.6342;2.290;0.00
2;843;CHA;CC;3.757;11.24;65483.000;0.6373;2.302;0.00
2;844;CHA;CC;3.757;11.24;65483.000;0.6404;2.314;0.00
2;845;CHA;CC;3.758;11.24;65483.000;0.6435;2.325;0.00
2;846;CHA;CC;3.758;11.24;65483.000;0.6467;2.337;0.00
2;847;CHA;CC;3.758;11.24;65483.000;0.6498;2.349;0.00
2;848;CHA;CC;3.759;11.24;65483.000;0.6529;2.361;0.00
2;849;CHA;CC;3.759;11.23;65483.000;0.6560;2.372;0.00
2;850;CHA;CC;3.759;11.23;65483.000;0.6591;2.384;0.00
2;851;CHA;CC;3.760;11.24;65483.000;0.6623;2.396;0.00
2;852;CHA;CC;3.761;11.26;65483.000;0.6654;2.407;0.00
2;853;CHA;CC;3.761;11.25;65483.000;0.6685;2.419;0.00
2;854;CHA;CC;3.761;11.25;65483.000;0.6716;2.431;0.00
2;855;CHA;CC;3.762;11.25;65483.000;0.6748;2.443;0.00
2;856;CHA;CC;3.762;11.25;65483.000;0.6779;2.455;0.00
2;857;CHA;CC;3.763;11.24;65484.000;0.6810;2.466;0.00
2;858;CHA;CC;3.763;11.25;65482.000;0.6841;2.478;0.00
2;859;CHA;CC;3.763;11.24;65482.000;0.6873;2.490;0.00
2;860;CHA;CC;3.764;11.24;65482.000;0.6904;2.502;0.00
2;861;CHA;CC;3.764;11.25;65483.000;0.6935;2.513;0.00
2;862;CHA;CC;3.765;11.25;65483.000;0.6966;2.525;0.00
2;863;CHA;CC;3.765;11.25;65482.000;0.6998;2.537;0.00
2;864;CHA;CC;3.766;11.25;65483.000;0.7029;2.549;0.00
2;865;CHA;CC;3.766;11.24;65483.000;0.7060;2.560;0.00
2;866;CHA;CC;3.767;11.24;65483.000;0.7091;2.572;0.00
2;867;CHA;CC;3.767;11.24;65483.000;0.7122;2.584;0.00
2;868;CHA;CC;3.768;11.25;65483.000;0.7154;2.596;0.00
2;869;CHA;CC;3.768;11.24;65483.000;0.7185;2.607;0.00
2;870;CHA;CC;3.768;11.24;65483.000;0.7216;2.619;0.00
2;871;CHA;CC;3.769;11.24;65482.000;0.7247;2.631;0.00
2;872;CHA;CC;3.769;11.24;65482.000;0.7279;2.643;0.00
2;873;CHA;CC;3.769;11.24;65482.000;0.7310;2.654;0.00
2;874;CHA;CC;3.770;11.24;65483.000;0.7341;2.666;0.00
2;875;CHA;CC;3.770;11.24;65482.000;0.7372;2.678;0.00
2;876;CHA;CC;3.771;11.24;65482.000;0.7404;2.690;0.00
2;877;CHA;CC;3.772;11.23;65483.000;0.7435;2.702;0.00
2;878;CHA;CC;3.772;11.23;65483.000;0.7466;2.713;0.00
2;879;CHA;CC;3.773;11.24;65481.000;0.7497;2.725;0.00
2;880;CHA;CC;3.773;11.24;65482.000;0.7528;2.737;0.00
2;881;CHA;CC;3.773;11.24;65482.000;0.7560;2.749;0.00
2;882;CHA;CC;3.774;11.24;65482.000;0.7591;2.760;0.00
2;883;CHA;CC;3.774;11.24;65482.000;0.7622;2.772;0.00
2;884;CHA;CC;3.775;11.23;65482.000;0.7653;2.784;0.00
2;885;CHA;CC;3.775;11.24;65482.000;0.7684;2.796;0.00
2;886;CHA;CC;3.776;11.24;65481.000;0.7716;2.808;0.00
2;887;CHA;CC;3.776;11.24;65481.000;0.7747;2.819;0.00
2;888;CHA;CC;3.777;11.24;65482.000;0.7778;2.831;0.00
2;889;CHA;CC;3.777;11.24;65482.000;0.7809;2.843;0.00
2;890;CHA;CC;3.778;11.24;65482.000;0.7841;2.855;0.00
2;891;CHA;CC;3.778;11.23;65482.000;0.7872;2.867;0.00
2;892;CHA;CC;3.779;11.24;65480.000;0.7903;2.878;0.00
2;893;CHA;CC;3.779;11.23;65482.000;0.7934;2.890;0.00
2;894;CHA;CC;3.780;11.24;65481.000;0.7965;2.902;0.00
2;895;CHA;CC;3.780;11.24;65481.000;0.7997;2.914;0.00
2;896;CHA;CC;3.781;11.24;65482.000;0.8028;2.926;0.00
2;897;CHA;CC;3.781;11.24;65482.000;0.8059;2.937;0.00
2;898;CHA;CC;3.782;11.23;65482.000;0.8090;2.949;0.00
2;899;CHA;CC;3.782;11.25;65481.000;0.8122;2.961;0.00
2;900;CHA;CC;3.783;11.26;65482.000;0.8153;2.973;0.00
2;901;CHA;CC;3.783;11.26;65482.000;0.8184;2.985;0.00
2;902;CHA;CC;3.784;11.25;65482.000;0.8215;2.996;0.00
2;903;CHA;CC;3.784;11.25;65482.000;0.8247;3.008;0.00
2;904;CHA;CC;3.785;11.25;65481.000;0.8278;3.020;0.00
2;905;CHA;CC;3.785;11.25;65483.000;0.8309;3.032;0.00
2;906;CHA;CC;3.786;11.25;65483.000;0.8340;3.044;0.00
2;907;CHA;CC;3.786;11.25;65483.000;0.8372;3.056;0.00
2;908;CHA;CC;3.786;11.25;65483.000;0.8403;3.067;0.00
2;909;CHA;CC;3.787;11.24;65483.000;0.8434;3.079;0.00
2;910;CHA;CC;3.788;11.25;65483.000;0.8465;3.091;0.00
2;911;CHA;CC;3.788;11.26;65483.000;0.8497;3.103;0.00
2;912;CHA;CC;3.789;11.25;65483.000;0.8528;3.115;0.00
2;913;CHA;CC;3.789;11.25;65483.000;0.8559;3.127;0.00
2;914;CHA;CC;3.789;11.24;65483.000;0.8590;3.138;0.00
2;915;CHA;CC;3.790;11.25;65483.000;0.8622;3.150;0.00
2;916;CHA;CC;3.790;11.26;65483.000;0.8653;3.162;0.00
2;917;CHA;CC;3.791;11.26;65483.000;0.8684;3.174;0.00
2;918;CHA;CC;3.791;11.25;65482.000;0.8715;3.186;0.00
2;919;CHA;CC;3.791;11.25;65483.000;0.8747;3.198;0.00
2;920;CHA;CC;3.792;11.24;65482.000;0.8778;3.210;0.00
2;921;CHA;CC;3.792;11.24;65482.000;0.8809;3.221;0.00
2;922;CHA;CC;3.793;11.25;65482.000;0.8840;3.233;0.00
2;923;CHA;CC;3.793;11.25;65483.000;0.8872;3.245;0.00
2;924;CHA;CC;3.794;11.24;65483.000;0.8903;3.257;0.00
2;925;CHA;CC;3.794;11.24;65483.000;0.8934;3.269;0.00
2;926;CHA;CC;3.795;11.25;65483.000;0.8965;3.281;0.00
2;927;CHA;CC;3.795;11.26;65483.000;0.8997;3.293;0.00
2;928;CHA;CC;3.795;11.24;65483.000;0.9028;3.304;0.00
2;929;CHA;CC;3.796;11.25;65483.000;0.9059;3.316;0.00
2;930;CHA;CC;3.796;11.24;65484.000;0.9090;3.328;0.00
2;931;CHA;CC;3.796;11.24;65482.000;0.9121;3.340;0.00
2;932;CHA;CC;3.797;11.24;65483.000;0.9153;3.352;0.00
2;933;CHA;CC;3.797;11.24;65483.000;0.9184;3.364;0.00
2;934;CHA;CC;3.798;11.25;65481.000;0.9215;3.376;0.00
2;935;CHA;CC;3.798;11.24;65481.000;0.9246;3.387;0.00
2;936;CHA;CC;3.799;11.25;65482.000;0.9278;3.399;0.00
2;937;CHA;CC;3.799;11.25;65481.000;0.9309;3.411;0.00
2;938;CHA;CC;3.800;11.24;65481.000;0.9340;3.423;0.00
2;939;CHA;CC;3.800;11.23;65481.000;0.9371;3.435;0.00
2;940;CHA;CC;3.800;11.23;65482.000;0.9402;3.447;0.00
2;941;CHA;CC;3.801;11.24;65482.000;0.9434;3.459;0.00
2;942;CHA;CC;3.801;11.23;65481.000;0.9465;3.470;0.00
2;943;CHA;CC;3.801;11.25;65482.000;0.9496;3.482;0.00
2;944;CHA;CC;3.802;11.25;65482.000;0.9527;3.494;0.00
2;945;CHA;CC;3.802;11.24;65482.000;0.9559;3.506;0.00
2;946;CHA;CC;3.802;11.24;65482.000;0.9590;3.518;0.00
2;947;CHA;CC;3.803;11.25;65482.000;0.9621;3.530;0.00
2;948;CHA;CC;3.803;11.24;65482.000;0.9652;3.542;0.00
2;949;CHA;CC;3.803;11.25;65482.000;0.9684;3.554;0.00
2;950;CHA;CC;3.804;11.24;65482.000;0.9715;3.565;0.00
2;951;CHA;CC;3.804;11.24;65483.000;0.9746;3.577;0.00
2;952;CHA;CC;3.804;11.24;65482.000;0.9777;3.589;0.00
2;953;CHA;CC;3.805;11.24;65483.000;0.9808;3.601;0.00
2;954;CHA;CC;3.805;11.24;65482.000;0.9840;3.613;0.00
2;955;CHA;CC;3.806;11.24;65483.000;0.9871;3.625;0.00
2;956;CHA;CC;3.806;11.24;65483.000;0.9902;3.637;0.00
2;957;CHA;CC;3.806;11.25;65482.000;0.9933;3.649;0.00
2;958;CHA;CC;3.807;11.26;65483.000;0.9965;3.660;0.00
2;959;CHA;CC;3.807;11.25;65483.000;0.9996;3.672;0.00
2;960;CHA;CC;3.807;11.24;65483.000;1.0027;3.684;0.00
2;961;CHA;CC;3.808;11.25;65483.000;1.0058;3.696;0.00
2;962;CHA;CC;3.808;11.25;65483.000;1.0090;3.708;0.00
2;963;CHA;CC;3.808;11.25;65483.000;1.0121;3.720;0.00
2;964;CHA;CC;3.809;11.24;65483.000;1.0152;3.732;0.00
2;965;CHA;CC;3.809;11.24;65483.000;1.0183;3.744;0.00
2;966;CHA;CC;3.809;11.24;65483.000;1.0215;3.756;0.00
2;967;CHA;CC;3.810;11.25;65482.000;1.0246;3.768;0.00
2;968;CHA;CC;3.810;11.25;65483.000;1.0277;3.779;0.00
2;969;CHA;CC;3.811;11.25;65483.000;1.0308;3.791;0.00
2;970;CHA;CC;3.811;11.25;65483.000;1.0339;3.803;0.00
2;971;CHA;CC;3.811;11.24;65483.000;1.0371;3.815;0.00
2;972;CHA;CC;3.812;11.24;65482.000;1.0402;3.827;0.00
2;973;CHA;CC;3.812;11.25;65483.000;1.0433;3.839;0.00
2;974;CHA;CC;3.812;11.25;65483.000;1.0464;3.851;0.00
2;975;CHA;CC;3.813;11.25;65483.000;1.0496;3.863;0.00
2;976;CHA;CC;3.813;11.25;65482.000;1.0527;3.875;0.00
2;977;CHA;CC;3.813;11.25;65482.000;1.0558;3.887;0.00
2;978;CHA;CC;3.814;11.26;65483.000;1.0589;3.899;0.00
2;979;CHA;CC;3.814;11.25;65482.000;1.0621;3.910;0.00
2;980;CHA;CC;3.814;11.24;65482.000;1.0652;3.922;0.00
2;981;CHA;CC;3.815;11.24;65483.000;1.0683;3.934;0.00
2;982;CHA;CC;3.815;11.25;65482.000;1.0714;3.946;0.00
2;983;CHA;CC;3.816;11.26;65483.000;1.0746;3.958;0.00
2;984;CHA;CC;3.816;11.25;65483.000;1.0777;3.970;0.00
2;985;CHA;CC;3.817;11.24;65483.000;1.0808;3.982;0.00
2;986;CHA;CC;3.817;11.25;65483.000;1.0839;3.994;0.00
2;987;CHA;CC;3.817;11.25;65483.000;1.0871;4.006;0.00
2;988;CHA;CC;3.818;11.24;65483.000;1.0902;4.018;0.00
2;989;CHA;CC;3.818;11.24;65484.000;1.0933;4.030;0.00
2;990;CHA;CC;3.818;11.24;65484.000;1.0964;4.042;0.00
2;991;CHA;CC;3.819;11.24;65483.000;1.0996;4.054;0.00
